#
# There is insufficient memory for the Java Runtime Environment to continue.
# Native memory allocation (mmap) failed to map 3145728 bytes for G1 virtual space
# Possible reasons:
#   The system is out of physical RAM or swap space
#   The process is running with CompressedOops enabled, and the Java Heap may be blocking the growth of the native heap
# Possible solutions:
#   Reduce memory load on the system
#   Increase physical memory or swap space
#   Check if swap backing store is full
#   Decrease Java heap size (-Xmx/-Xms)
#   Decrease number of Java threads
#   Decrease Java thread stack sizes (-Xss)
#   Set larger code cache with -XX:ReservedCodeCacheSize=
#   JVM is running with Unscaled Compressed Oops mode in which the Java heap is
#     placed in the first 4GB address space. The Java Heap base address is the
#     maximum limit for the native heap growth. Please use -XX:HeapBaseMinAddress
#     to set the Java Heap base and to place the Java Heap above 4GB virtual address.
# This output file may be truncated or incomplete.
#
#  Out of Memory Error (os_windows.cpp:3469), pid=26680, tid=19000
#
# JRE version: OpenJDK Runtime Environment Temurin-17.0.1+12 (17.0.1+12) (build 17.0.1+12)
# Java VM: OpenJDK 64-Bit Server VM Temurin-17.0.1+12 (17.0.1+12, mixed mode, tiered, compressed oops, compressed class ptrs, g1 gc, windows-amd64)
# No core dump will be written. Minidumps are not enabled by default on client versions of Windows
#

---------------  S U M M A R Y ------------

Command Line: -ea -Dfile.encoding=windows-1252 -XX:+ShowCodeDetailsInExceptionMessages org.testng.remote.RemoteTestNG -serport 59389 -protocol json -d C:\Users\hp\eclipse-workspace1\com.Travel.TMS\test-output C:\Users\hp\eclipse-workspace1\com.Travel.TMS\batchAll.xml

Host: Intel(R) Core(TM) i5-10210U CPU @ 1.60GHz, 8 cores, 3G,  Windows 10 , 64 bit Build 22000 (10.0.22000.1516)
Time: Tue Mar 28 16:44:22 2023 India Standard Time elapsed time: 543.389951 seconds (0d 0h 9m 3s)

---------------  T H R E A D  ---------------

Current thread (0x00000279e55d9350):  VMThread "VM Thread" [stack: 0x000000c1eb600000,0x000000c1eb700000] [id=19000]

Stack: [0x000000c1eb600000,0x000000c1eb700000]
Native frames: (J=compiled Java code, j=interpreted, Vv=VM code, C=native code)
V  [jvm.dll+0x6744da]
V  [jvm.dll+0x82e144]
V  [jvm.dll+0x82f8ee]
V  [jvm.dll+0x82ff53]
V  [jvm.dll+0x245175]
V  [jvm.dll+0x6714c9]
V  [jvm.dll+0x665f92]
V  [jvm.dll+0x303c3b]
V  [jvm.dll+0x30b176]
V  [jvm.dll+0x35af1e]
V  [jvm.dll+0x35b14f]
V  [jvm.dll+0x2dab78]
V  [jvm.dll+0x2ddc06]
V  [jvm.dll+0x2e82b8]
V  [jvm.dll+0x31c460]
V  [jvm.dll+0x8343bb]
V  [jvm.dll+0x8350f4]
V  [jvm.dll+0x83560c]
V  [jvm.dll+0x8359e4]
V  [jvm.dll+0x835ab0]
V  [jvm.dll+0x7de51a]
V  [jvm.dll+0x673305]
C  [ucrtbase.dll+0x26c0c]
C  [KERNEL32.DLL+0x155a0]
C  [ntdll.dll+0x485b]

VM_Operation (0x000000c1eb2ff990): G1Concurrent, mode: safepoint, requested by thread 0x00000279cde53a20


---------------  P R O C E S S  ---------------

Threads class SMR info:
_java_thread_list=0x00000279e73711e0, length=41, elements={
0x00000279cde1bf60, 0x00000279e5640290, 0x00000279e5640b50, 0x00000279e566c470,
0x00000279e566cd30, 0x00000279e6008460, 0x00000279e6008d20, 0x00000279e6011a10,
0x00000279e60159b0, 0x00000279e6017aa0, 0x00000279e6167470, 0x00000279e61757d0,
0x00000279e6bfd1a0, 0x00000279e6df0220, 0x00000279e6df34a0, 0x00000279e6df1c90,
0x00000279e6df2630, 0x00000279e6df0e20, 0x00000279e6df12f0, 0x00000279e6df3970,
0x00000279e6df3e40, 0x00000279e6df0950, 0x00000279e6df2160, 0x00000279e6df4310,
0x00000279e7672cf0, 0x00000279e7674ea0, 0x00000279e7674500, 0x00000279e7675370,
0x00000279e76719b0, 0x00000279e7672820, 0x00000279e76761e0, 0x00000279e7673b60,
0x00000279e7676b80, 0x00000279e7670670, 0x00000279e7671e80, 0x00000279e7672350,
0x00000279e7670b40, 0x00000279e7674030, 0x00000279e7675d10, 0x00000279e7677050,
0x00000279e7677520
}

Java Threads: ( => current thread )
  0x00000279cde1bf60 JavaThread "main" [_thread_blocked, id=1888, stack(0x000000c1eb000000,0x000000c1eb100000)]
  0x00000279e5640290 JavaThread "Reference Handler" daemon [_thread_blocked, id=5456, stack(0x000000c1eb700000,0x000000c1eb800000)]
  0x00000279e5640b50 JavaThread "Finalizer" daemon [_thread_blocked, id=24200, stack(0x000000c1eb800000,0x000000c1eb900000)]
  0x00000279e566c470 JavaThread "Signal Dispatcher" daemon [_thread_blocked, id=14248, stack(0x000000c1eb900000,0x000000c1eba00000)]
  0x00000279e566cd30 JavaThread "Attach Listener" daemon [_thread_blocked, id=29004, stack(0x000000c1eba00000,0x000000c1ebb00000)]
  0x00000279e6008460 JavaThread "Service Thread" daemon [_thread_blocked, id=26552, stack(0x000000c1ebb00000,0x000000c1ebc00000)]
  0x00000279e6008d20 JavaThread "Monitor Deflation Thread" daemon [_thread_blocked, id=21264, stack(0x000000c1ebc00000,0x000000c1ebd00000)]
  0x00000279e6011a10 JavaThread "C2 CompilerThread0" daemon [_thread_blocked, id=21288, stack(0x000000c1ebd00000,0x000000c1ebe00000)]
  0x00000279e60159b0 JavaThread "C1 CompilerThread0" daemon [_thread_blocked, id=17464, stack(0x000000c1ebe00000,0x000000c1ebf00000)]
  0x00000279e6017aa0 JavaThread "Sweeper thread" daemon [_thread_blocked, id=3488, stack(0x000000c1ebf00000,0x000000c1ec000000)]
  0x00000279e6167470 JavaThread "Notification Thread" daemon [_thread_blocked, id=18864, stack(0x000000c1ec000000,0x000000c1ec100000)]
  0x00000279e61757d0 JavaThread "Common-Cleaner" daemon [_thread_blocked, id=13820, stack(0x000000c1ec200000,0x000000c1ec300000)]
  0x00000279e6bfd1a0 JavaThread "ReaderThread" [_thread_in_native, id=22672, stack(0x000000c1ec400000,0x000000c1ec500000)]
  0x00000279e6df0220 JavaThread "mysql-cj-abandoned-connection-cleanup" daemon [_thread_blocked, id=19656, stack(0x000000c1ecf00000,0x000000c1ed000000)]
  0x00000279e6df34a0 JavaThread "Forwarding newSession on session null to remote" [_thread_blocked, id=27724, stack(0x000000c1ed000000,0x000000c1ed100000)]
  0x00000279e6df1c90 JavaThread "AsyncHttpClient-1-1" daemon [_thread_blocked, id=12096, stack(0x000000c1ed400000,0x000000c1ed500000)]
  0x00000279e6df2630 JavaThread "Exec Default Executor" daemon [_thread_in_native, id=28648, stack(0x000000c1ed500000,0x000000c1ed600000)]
  0x00000279e6df0e20 JavaThread "Exec Stream Pumper" daemon [_thread_in_native, id=3312, stack(0x000000c1ed600000,0x000000c1ed700000)]
  0x00000279e6df12f0 JavaThread "Exec Stream Pumper" daemon [_thread_in_native, id=27708, stack(0x000000c1ed700000,0x000000c1ed800000)]
  0x00000279e6df3970 JavaThread "Driver Service Executor" daemon [_thread_blocked, id=21960, stack(0x000000c1ed800000,0x000000c1ed900000)]
  0x00000279e6df3e40 JavaThread "Driver Service Executor" daemon [_thread_blocked, id=28644, stack(0x000000c1ed900000,0x000000c1eda00000)]
  0x00000279e6df0950 JavaThread "AsyncHttpClient-1-2" daemon [_thread_in_native, id=2460, stack(0x000000c1edc00000,0x000000c1edd00000)]
  0x00000279e6df2160 JavaThread "AsyncHttpClient-1-3" daemon [_thread_in_native, id=15084, stack(0x000000c1edb00000,0x000000c1edc00000)]
  0x00000279e6df4310 JavaThread "AsyncHttpClient-1-4" daemon [_thread_in_native, id=1208, stack(0x000000c1edd00000,0x000000c1ede00000)]
  0x00000279e7672cf0 JavaThread "Exec Default Executor" daemon [_thread_in_native, id=4208, stack(0x000000c1ead00000,0x000000c1eae00000)]
  0x00000279e7674ea0 JavaThread "Exec Stream Pumper" daemon [_thread_in_native, id=18572, stack(0x000000c1eae00000,0x000000c1eaf00000)]
  0x00000279e7674500 JavaThread "Exec Stream Pumper" daemon [_thread_in_native, id=27432, stack(0x000000c1eaf00000,0x000000c1eb000000)]
  0x00000279e7675370 JavaThread "Driver Service Executor" daemon [_thread_blocked, id=21552, stack(0x000000c1ec300000,0x000000c1ec400000)]
  0x00000279e76719b0 JavaThread "Driver Service Executor" daemon [_thread_blocked, id=28064, stack(0x000000c1eca00000,0x000000c1ecb00000)]
  0x00000279e7672820 JavaThread "UrlChecker-3" daemon [_thread_blocked, id=28820, stack(0x000000c1ecb00000,0x000000c1ecc00000)]
  0x00000279e76761e0 JavaThread "AsyncHttpClient-1-5" daemon [_thread_in_native, id=27948, stack(0x000000c1ece00000,0x000000c1ecf00000)]
  0x00000279e7673b60 JavaThread "ForkJoinPool.commonPool-worker-6" daemon [_thread_blocked, id=24648, stack(0x000000c1eda00000,0x000000c1edb00000)]
  0x00000279e7676b80 JavaThread "AsyncHttpClient-1-6" daemon [_thread_in_native, id=22524, stack(0x000000c1ede00000,0x000000c1edf00000)]
  0x00000279e7670670 JavaThread "AsyncHttpClient-1-7" daemon [_thread_in_native, id=4504, stack(0x000000c1edf00000,0x000000c1ee000000)]
  0x00000279e7671e80 JavaThread "Exec Default Executor" daemon [_thread_in_native, id=23088, stack(0x000000c1ecd00000,0x000000c1ece00000)]
  0x00000279e7672350 JavaThread "Exec Stream Pumper" daemon [_thread_in_native, id=3484, stack(0x000000c1ee000000,0x000000c1ee100000)]
  0x00000279e7670b40 JavaThread "Exec Stream Pumper" daemon [_thread_in_native, id=28300, stack(0x000000c1ee100000,0x000000c1ee200000)]
  0x00000279e7674030 JavaThread "Driver Service Executor" daemon [_thread_blocked, id=4568, stack(0x000000c1ee200000,0x000000c1ee300000)]
  0x00000279e7675d10 JavaThread "Driver Service Executor" daemon [_thread_blocked, id=26188, stack(0x000000c1ee300000,0x000000c1ee400000)]
  0x00000279e7677050 JavaThread "Keep-Alive-Timer" daemon [_thread_blocked, id=17196, stack(0x000000c1ee400000,0x000000c1ee500000)]
  0x00000279e7677520 JavaThread "AsyncHttpClient-1-8" daemon [_thread_in_native, id=29544, stack(0x000000c1ee500000,0x000000c1ee600000)]

Other Threads:
=>0x00000279e55d9350 VMThread "VM Thread" [stack: 0x000000c1eb600000,0x000000c1eb700000] [id=19000]
  0x00000279cde5fb30 WatcherThread [stack: 0x000000c1ec100000,0x000000c1ec200000] [id=23216]
  0x00000279cde49ea0 GCTaskThread "GC Thread#0" [stack: 0x000000c1eb100000,0x000000c1eb200000] [id=28384]
  0x00000279e6ce4cf0 GCTaskThread "GC Thread#1" [stack: 0x000000c1ec500000,0x000000c1ec600000] [id=27620]
  0x00000279e6c279f0 GCTaskThread "GC Thread#2" [stack: 0x000000c1ec600000,0x000000c1ec700000] [id=9888]
  0x00000279e6c27ca0 GCTaskThread "GC Thread#3" [stack: 0x000000c1ec700000,0x000000c1ec800000] [id=28216]
  0x00000279e6d55620 GCTaskThread "GC Thread#4" [stack: 0x000000c1ec800000,0x000000c1ec900000] [id=18944]
  0x00000279e6d558d0 GCTaskThread "GC Thread#5" [stack: 0x000000c1ec900000,0x000000c1eca00000] [id=23228]
  0x00000279e8941ca0 GCTaskThread "GC Thread#6" [stack: 0x000000c1ed100000,0x000000c1ed200000] [id=8996]
  0x00000279e7041700 GCTaskThread "GC Thread#7" [stack: 0x000000c1ed200000,0x000000c1ed300000] [id=956]
  0x00000279cde53a20 ConcurrentGCThread "G1 Main Marker" [stack: 0x000000c1eb200000,0x000000c1eb300000] [id=16144]
  0x00000279cde55a80 ConcurrentGCThread "G1 Conc#0" [stack: 0x000000c1eb300000,0x000000c1eb400000] [id=25880]
  0x00000279e7777060 ConcurrentGCThread "G1 Conc#1" [stack: 0x000000c1ed300000,0x000000c1ed400000] [id=28456]
  0x00000279cdea75e0 ConcurrentGCThread "G1 Refine#0" [stack: 0x000000c1eb400000,0x000000c1eb500000] [id=14428]
  0x00000279cdea7ea0 ConcurrentGCThread "G1 Service" [stack: 0x000000c1eb500000,0x000000c1eb600000] [id=29284]

Threads with active compile tasks:

VM state: at safepoint (normal execution)

VM Mutex/Monitor currently owned by a thread:  ([mutex/lock_event])
[0x00000279cde17190] Threads_lock - owner thread: 0x00000279e55d9350
[0x00000279cde17df0] Heap_lock - owner thread: 0x00000279cde53a20

Heap address: 0x00000000c3000000, size: 976 MB, Compressed Oops mode: 32-bit

CDS archive(s) not mapped
Compressed class space mapped at: 0x0000000100000000-0x0000000140000000, reserved size: 1073741824
Narrow klass base: 0x0000000000000000, Narrow klass shift: 3, Narrow klass range: 0x140000000

GC Precious Log:
 CPUs: 8 total, 8 available
 Memory: 3900M
 Large Page Support: Disabled
 NUMA Support: Disabled
 Compressed Oops: Enabled (32-bit)
 Heap Region Size: 1M
 Heap Min Capacity: 8M
 Heap Initial Capacity: 62M
 Heap Max Capacity: 976M
 Pre-touch: Disabled
 Parallel Workers: 8
 Concurrent Workers: 2
 Concurrent Refinement Workers: 8
 Periodic GC: Disabled

Heap:
 garbage-first heap   total 60416K, used 35867K [0x00000000c3000000, 0x0000000100000000)
  region size 1024K, 2 young (2048K), 1 survivors (1024K)
 Metaspace       used 45600K, committed 45888K, reserved 1089536K
  class space    used 5038K, committed 5184K, reserved 1048576K

Heap Regions: E=young(eden), S=young(survivor), O=old, HS=humongous(starts), HC=humongous(continues), CS=collection set, F=free, OA=open archive, CA=closed archive, TAMS=top-at-mark-start (previous, next)
|   0|0x00000000c3000000, 0x00000000c3100000, 0x00000000c3100000|100%| O|  |TAMS 0x00000000c3100000, 0x00000000c3000000| Untracked 
|   1|0x00000000c3100000, 0x00000000c3200000, 0x00000000c3200000|100%| O|  |TAMS 0x00000000c3200000, 0x00000000c3100000| Untracked 
|   2|0x00000000c3200000, 0x00000000c3300000, 0x00000000c3300000|100%| O|  |TAMS 0x00000000c3300000, 0x00000000c3200000| Untracked 
|   3|0x00000000c3300000, 0x00000000c3400000, 0x00000000c3400000|100%| O|  |TAMS 0x00000000c3400000, 0x00000000c3300000| Untracked 
|   4|0x00000000c3400000, 0x00000000c3500000, 0x00000000c3500000|100%| O|  |TAMS 0x00000000c3500000, 0x00000000c3400000| Updating 
|   5|0x00000000c3500000, 0x00000000c3600000, 0x00000000c3600000|100%| O|  |TAMS 0x00000000c3600000, 0x00000000c3500000| Untracked 
|   6|0x00000000c3600000, 0x00000000c3700000, 0x00000000c3700000|100%| O|  |TAMS 0x00000000c3700000, 0x00000000c3600000| Untracked 
|   7|0x00000000c3700000, 0x00000000c3800000, 0x00000000c3800000|100%| O|  |TAMS 0x00000000c3800000, 0x00000000c3700000| Untracked 
|   8|0x00000000c3800000, 0x00000000c3900000, 0x00000000c3900000|100%| O|  |TAMS 0x00000000c3900000, 0x00000000c3800000| Untracked 
|   9|0x00000000c3900000, 0x00000000c39a5a00, 0x00000000c3a00000| 64%| O|  |TAMS 0x00000000c39a5a00, 0x00000000c3900000| Updating 
|  10|0x00000000c3a00000, 0x00000000c3b00000, 0x00000000c3b00000|100%| O|  |TAMS 0x00000000c3b00000, 0x00000000c3a00000| Updating 
|  11|0x00000000c3b00000, 0x00000000c3c00000, 0x00000000c3c00000|100%| O|  |TAMS 0x00000000c3c00000, 0x00000000c3b00000| Untracked 
|  12|0x00000000c3c00000, 0x00000000c3d00000, 0x00000000c3d00000|100%| O|  |TAMS 0x00000000c3d00000, 0x00000000c3c00000| Untracked 
|  13|0x00000000c3d00000, 0x00000000c3e00000, 0x00000000c3e00000|100%| O|  |TAMS 0x00000000c3e00000, 0x00000000c3d00000| Updating 
|  14|0x00000000c3e00000, 0x00000000c3f00000, 0x00000000c3f00000|100%| O|  |TAMS 0x00000000c3f00000, 0x00000000c3e00000| Updating 
|  15|0x00000000c3f00000, 0x00000000c4000000, 0x00000000c4000000|100%|HS|  |TAMS 0x00000000c4000000, 0x00000000c3f00000| Complete 
|  16|0x00000000c4000000, 0x00000000c4100000, 0x00000000c4100000|100%|HC|  |TAMS 0x00000000c4100000, 0x00000000c4000000| Complete 
|  17|0x00000000c4100000, 0x00000000c4200000, 0x00000000c4200000|100%|HC|  |TAMS 0x00000000c4200000, 0x00000000c4100000| Complete 
|  18|0x00000000c4200000, 0x00000000c4300000, 0x00000000c4300000|100%|HC|  |TAMS 0x00000000c4300000, 0x00000000c4200000| Complete 
|  19|0x00000000c4300000, 0x00000000c4400000, 0x00000000c4400000|100%|HC|  |TAMS 0x00000000c4400000, 0x00000000c4300000| Complete 
|  20|0x00000000c4400000, 0x00000000c4500000, 0x00000000c4500000|100%| O|  |TAMS 0x00000000c4500000, 0x00000000c4400000| Untracked 
|  21|0x00000000c4500000, 0x00000000c4600000, 0x00000000c4600000|100%| O|  |TAMS 0x00000000c4600000, 0x00000000c4500000| Updating 
|  22|0x00000000c4600000, 0x00000000c4700000, 0x00000000c4700000|100%| O|  |TAMS 0x00000000c4700000, 0x00000000c4600000| Untracked 
|  23|0x00000000c4700000, 0x00000000c4800000, 0x00000000c4800000|100%| O|  |TAMS 0x00000000c4800000, 0x00000000c4700000| Untracked 
|  24|0x00000000c4800000, 0x00000000c4883200, 0x00000000c4900000| 51%| O|  |TAMS 0x00000000c4883200, 0x00000000c4800000| Updating 
|  25|0x00000000c4900000, 0x00000000c4a00000, 0x00000000c4a00000|100%|HS|  |TAMS 0x00000000c4a00000, 0x00000000c4900000| Complete 
|  26|0x00000000c4a00000, 0x00000000c4b00000, 0x00000000c4b00000|100%|HC|  |TAMS 0x00000000c4b00000, 0x00000000c4a00000| Complete 
|  27|0x00000000c4b00000, 0x00000000c4c00000, 0x00000000c4c00000|100%|HC|  |TAMS 0x00000000c4c00000, 0x00000000c4b00000| Complete 
|  28|0x00000000c4c00000, 0x00000000c4d00000, 0x00000000c4d00000|100%|HC|  |TAMS 0x00000000c4d00000, 0x00000000c4c00000| Complete 
|  29|0x00000000c4d00000, 0x00000000c4e00000, 0x00000000c4e00000|100%|HC|  |TAMS 0x00000000c4e00000, 0x00000000c4d00000| Complete 
|  30|0x00000000c4e00000, 0x00000000c4f00000, 0x00000000c4f00000|100%|HS|  |TAMS 0x00000000c4e00000, 0x00000000c4e00000| Complete 
|  31|0x00000000c4f00000, 0x00000000c5000000, 0x00000000c5000000|100%|HC|  |TAMS 0x00000000c4f00000, 0x00000000c4f00000| Complete 
|  32|0x00000000c5000000, 0x00000000c5100000, 0x00000000c5100000|100%|HC|  |TAMS 0x00000000c5000000, 0x00000000c5000000| Complete 
|  33|0x00000000c5100000, 0x00000000c5200000, 0x00000000c5200000|100%|HC|  |TAMS 0x00000000c5100000, 0x00000000c5100000| Complete 
|  34|0x00000000c5200000, 0x00000000c5300000, 0x00000000c5300000|100%|HC|  |TAMS 0x00000000c5200000, 0x00000000c5200000| Complete 
|  35|0x00000000c5300000, 0x00000000c5300000, 0x00000000c5400000|  0%| F|  |TAMS 0x00000000c5300000, 0x00000000c5300000| Untracked 
|  36|0x00000000c5400000, 0x00000000c5400000, 0x00000000c5500000|  0%| F|  |TAMS 0x00000000c5400000, 0x00000000c5400000| Untracked 
|  37|0x00000000c5500000, 0x00000000c5500000, 0x00000000c5600000|  0%| F|  |TAMS 0x00000000c5500000, 0x00000000c5500000| Untracked 
|  38|0x00000000c5600000, 0x00000000c5600000, 0x00000000c5700000|  0%| F|  |TAMS 0x00000000c5600000, 0x00000000c5600000| Untracked 
|  39|0x00000000c5700000, 0x00000000c5700000, 0x00000000c5800000|  0%| F|  |TAMS 0x00000000c5700000, 0x00000000c5700000| Untracked 
|  40|0x00000000c5800000, 0x00000000c5800000, 0x00000000c5900000|  0%| F|  |TAMS 0x00000000c5800000, 0x00000000c5800000| Untracked 
|  41|0x00000000c5900000, 0x00000000c5900000, 0x00000000c5a00000|  0%| F|  |TAMS 0x00000000c5900000, 0x00000000c5900000| Untracked 
|  42|0x00000000c5a00000, 0x00000000c5a00000, 0x00000000c5b00000|  0%| F|  |TAMS 0x00000000c5a00000, 0x00000000c5a00000| Untracked 
|  43|0x00000000c5b00000, 0x00000000c5b00000, 0x00000000c5c00000|  0%| F|  |TAMS 0x00000000c5b00000, 0x00000000c5b00000| Untracked 
|  44|0x00000000c5c00000, 0x00000000c5c00000, 0x00000000c5d00000|  0%| F|  |TAMS 0x00000000c5c00000, 0x00000000c5c00000| Untracked 
|  45|0x00000000c5d00000, 0x00000000c5d00000, 0x00000000c5e00000|  0%| F|  |TAMS 0x00000000c5d00000, 0x00000000c5d00000| Untracked 
|  46|0x00000000c5e00000, 0x00000000c5e00000, 0x00000000c5f00000|  0%| F|  |TAMS 0x00000000c5e00000, 0x00000000c5e00000| Untracked 
|  47|0x00000000c5f00000, 0x00000000c5f00000, 0x00000000c6000000|  0%| F|  |TAMS 0x00000000c5f00000, 0x00000000c5f00000| Untracked 
|  48|0x00000000c6000000, 0x00000000c6000000, 0x00000000c6100000|  0%| F|  |TAMS 0x00000000c6000000, 0x00000000c6000000| Untracked 
|  49|0x00000000c6100000, 0x00000000c6100000, 0x00000000c6200000|  0%| F|  |TAMS 0x00000000c6100000, 0x00000000c6100000| Untracked 
|  50|0x00000000c6200000, 0x00000000c6200000, 0x00000000c6300000|  0%| F|  |TAMS 0x00000000c6200000, 0x00000000c6200000| Untracked 
|  51|0x00000000c6300000, 0x00000000c6300000, 0x00000000c6400000|  0%| F|  |TAMS 0x00000000c6300000, 0x00000000c6300000| Untracked 
|  52|0x00000000c6400000, 0x00000000c6400000, 0x00000000c6500000|  0%| F|  |TAMS 0x00000000c6400000, 0x00000000c6400000| Untracked 
|  53|0x00000000c6500000, 0x00000000c65de128, 0x00000000c6600000| 86%| S|CS|TAMS 0x00000000c6500000, 0x00000000c6500000| Complete 
|  54|0x00000000c6600000, 0x00000000c6600000, 0x00000000c6700000|  0%| F|  |TAMS 0x00000000c6600000, 0x00000000c6600000| Untracked 
|  55|0x00000000c6700000, 0x00000000c6700000, 0x00000000c6800000|  0%| F|  |TAMS 0x00000000c6700000, 0x00000000c6700000| Untracked 
|  56|0x00000000c6800000, 0x00000000c6800000, 0x00000000c6900000|  0%| F|  |TAMS 0x00000000c6800000, 0x00000000c6800000| Untracked 
|  57|0x00000000c6900000, 0x00000000c6900000, 0x00000000c6a00000|  0%| F|  |TAMS 0x00000000c6900000, 0x00000000c6900000| Untracked 
|  61|0x00000000c6d00000, 0x00000000c6d0e508, 0x00000000c6e00000|  5%| E|  |TAMS 0x00000000c6d00000, 0x00000000c6d00000| Complete 

Card table byte_map: [0x00000279e09d0000,0x00000279e0bc0000] _byte_map_base: 0x00000279e03b8000

Marking Bits (Prev, Next): (CMBitMap*) 0x00000279cde4a4f0, (CMBitMap*) 0x00000279cde4a4b0
 Prev Bits: [0x00000279e1cf0000, 0x00000279e2c30000)
 Next Bits: [0x00000279e0db0000, 0x00000279e1cf0000)

Polling page: 0x00000279cbd90000

Metaspace:

Usage:
  Non-class:     39.61 MB used.
      Class:      4.92 MB used.
       Both:     44.53 MB used.

Virtual space:
  Non-class space:       40.00 MB reserved,      39.75 MB (>99%) committed,  5 nodes.
      Class space:        1.00 GB reserved,       5.06 MB ( <1%) committed,  1 nodes.
             Both:        1.04 GB reserved,      44.81 MB (  4%) committed. 

Chunk freelists:
   Non-Class:  160.00 KB
       Class:  2.97 MB
        Both:  3.13 MB

MaxMetaspaceSize: unlimited
CompressedClassSpaceSize: 1.00 GB
Initial GC threshold: 21.00 MB
Current GC threshold: 66.69 MB
CDS: off
MetaspaceReclaimPolicy: balanced
 - commit_granule_bytes: 65536.
 - commit_granule_words: 8192.
 - virtual_space_node_default_size: 1048576.
 - enlarge_chunks_in_place: 1.
 - new_chunks_are_fully_committed: 0.
 - uncommit_free_chunks: 1.
 - use_allocation_guard: 0.
 - handle_deallocations: 1.


Internal statistics:

num_allocs_failed_limit: 6.
num_arena_births: 274.
num_arena_deaths: 0.
num_vsnodes_births: 6.
num_vsnodes_deaths: 0.
num_space_committed: 717.
num_space_uncommitted: 0.
num_chunks_returned_to_freelist: 6.
num_chunks_taken_from_freelist: 1403.
num_chunk_merges: 6.
num_chunk_splits: 973.
num_chunks_enlarged: 757.
num_purges: 0.
num_inconsistent_stats: 0.

CodeHeap 'non-profiled nmethods': size=120000Kb used=3807Kb max_used=3860Kb free=116192Kb
 bounds [0x00000279d8f80000, 0x00000279d9350000, 0x00000279e04b0000]
CodeHeap 'profiled nmethods': size=120000Kb used=10797Kb max_used=12542Kb free=109202Kb
 bounds [0x00000279d1a50000, 0x00000279d2690000, 0x00000279d8f80000]
CodeHeap 'non-nmethods': size=5760Kb used=1322Kb max_used=1396Kb free=4438Kb
 bounds [0x00000279d14b0000, 0x00000279d1720000, 0x00000279d1a50000]
 total_blobs=6349 nmethods=5696 adapters=563
 compilation: enabled
              stopped_count=0, restarted_count=0
 full_count=0

Compilation events (20 events):
Event: 543.025 Thread 0x00000279e6011a10 6849       4       org.openqa.selenium.json.JsonOutput$$Lambda$286/0x000000010038d138::accept (12 bytes)
Event: 543.041 Thread 0x00000279e60159b0 6851       2       java.util.stream.FindOps$FindOp::evaluateSequential (39 bytes)
Event: 543.049 Thread 0x00000279e60159b0 nmethod 6851 0x00000279d236f410 code [0x00000279d236f5e0, 0x00000279d236f828]
Event: 543.067 Thread 0x00000279e6011a10 nmethod 6849 0x00000279d903af10 code [0x00000279d903b0c0, 0x00000279d903bb68]
Event: 543.067 Thread 0x00000279e6011a10 6850       4       java.io.StringWriter::append (6 bytes)
Event: 543.074 Thread 0x00000279e60159b0 6853       3       java.nio.CharBuffer::hasArray (20 bytes)
Event: 543.074 Thread 0x00000279e60159b0 nmethod 6853 0x00000279d214c710 code [0x00000279d214c8a0, 0x00000279d214ca58]
Event: 543.074 Thread 0x00000279e60159b0 6854       3       sun.nio.cs.StreamEncoder::ensureOpen (18 bytes)
Event: 543.076 Thread 0x00000279e60159b0 nmethod 6854 0x00000279d21d0990 code [0x00000279d21d0b40, 0x00000279d21d0d48]
Event: 543.080 Thread 0x00000279e6011a10 nmethod 6850 0x00000279d9039e10 code [0x00000279d9039fc0, 0x00000279d903a9d8]
Event: 543.080 Thread 0x00000279e6011a10 6852       4       java.util.stream.ReferencePipeline::forEachWithCancel (23 bytes)
Event: 543.087 Thread 0x00000279e6011a10 nmethod 6852 0x00000279d9039810 code [0x00000279d90399c0, 0x00000279d9039bd8]
Event: 543.104 Thread 0x00000279e60159b0 6855       3       io.netty.channel.ChannelHandlerMask$2::run (5 bytes)
Event: 543.106 Thread 0x00000279e60159b0 nmethod 6855 0x00000279d2043a10 code [0x00000279d2043ba0, 0x00000279d2043ce8]
Event: 543.106 Thread 0x00000279e60159b0 6858       3       java.lang.PublicMethods$MethodList::filter (104 bytes)
Event: 543.115 Thread 0x00000279e60159b0 nmethod 6858 0x00000279d1aa7c10 code [0x00000279d1aa7e40, 0x00000279d1aa8898]
Event: 543.115 Thread 0x00000279e60159b0 6857       3       java.lang.Class::getMethodsRecursive (99 bytes)
Event: 543.116 Thread 0x00000279e60159b0 nmethod 6857 0x00000279d212b610 code [0x00000279d212b840, 0x00000279d212bde8]
Event: 543.116 Thread 0x00000279e60159b0 6856   !   3       io.netty.channel.ChannelHandlerMask$2::run (78 bytes)
Event: 543.156 Thread 0x00000279e60159b0 nmethod 6856 0x00000279d2156110 code [0x00000279d2156400, 0x00000279d21577a8]

GC Heap History (20 events):
Event: 324.510 GC heap before
{Heap before GC invocations=218 (full 0):
 garbage-first heap   total 60416K, used 48271K [0x00000000c3000000, 0x0000000100000000)
  region size 1024K, 25 young (25600K), 2 survivors (2048K)
 Metaspace       used 45517K, committed 45824K, reserved 1089536K
  class space    used 5034K, committed 5184K, reserved 1048576K
}
Event: 324.512 GC heap after
{Heap after GC invocations=219 (full 0):
 garbage-first heap   total 60416K, used 25406K [0x00000000c3000000, 0x0000000100000000)
  region size 1024K, 1 young (1024K), 1 survivors (1024K)
 Metaspace       used 45517K, committed 45824K, reserved 1089536K
  class space    used 5034K, committed 5184K, reserved 1048576K
}
Event: 325.558 GC heap before
{Heap before GC invocations=219 (full 0):
 garbage-first heap   total 60416K, used 48958K [0x00000000c3000000, 0x0000000100000000)
  region size 1024K, 25 young (25600K), 1 survivors (1024K)
 Metaspace       used 45517K, committed 45824K, reserved 1089536K
  class space    used 5034K, committed 5184K, reserved 1048576K
}
Event: 325.560 GC heap after
{Heap after GC invocations=220 (full 0):
 garbage-first heap   total 60416K, used 25681K [0x00000000c3000000, 0x0000000100000000)
  region size 1024K, 2 young (2048K), 2 survivors (2048K)
 Metaspace       used 45517K, committed 45824K, reserved 1089536K
  class space    used 5034K, committed 5184K, reserved 1048576K
}
Event: 326.609 GC heap before
{Heap before GC invocations=220 (full 0):
 garbage-first heap   total 60416K, used 48209K [0x00000000c3000000, 0x0000000100000000)
  region size 1024K, 25 young (25600K), 2 survivors (2048K)
 Metaspace       used 45518K, committed 45824K, reserved 1089536K
  class space    used 5034K, committed 5184K, reserved 1048576K
}
Event: 326.611 GC heap after
{Heap after GC invocations=221 (full 0):
 garbage-first heap   total 60416K, used 25745K [0x00000000c3000000, 0x0000000100000000)
  region size 1024K, 2 young (2048K), 2 survivors (2048K)
 Metaspace       used 45518K, committed 45824K, reserved 1089536K
  class space    used 5034K, committed 5184K, reserved 1048576K
}
Event: 327.669 GC heap before
{Heap before GC invocations=221 (full 0):
 garbage-first heap   total 60416K, used 48273K [0x00000000c3000000, 0x0000000100000000)
  region size 1024K, 25 young (25600K), 2 survivors (2048K)
 Metaspace       used 45518K, committed 45824K, reserved 1089536K
  class space    used 5034K, committed 5184K, reserved 1048576K
}
Event: 327.671 GC heap after
{Heap after GC invocations=222 (full 0):
 garbage-first heap   total 60416K, used 25684K [0x00000000c3000000, 0x0000000100000000)
  region size 1024K, 2 young (2048K), 2 survivors (2048K)
 Metaspace       used 45518K, committed 45824K, reserved 1089536K
  class space    used 5034K, committed 5184K, reserved 1048576K
}
Event: 328.719 GC heap before
{Heap before GC invocations=222 (full 0):
 garbage-first heap   total 60416K, used 48212K [0x00000000c3000000, 0x0000000100000000)
  region size 1024K, 25 young (25600K), 2 survivors (2048K)
 Metaspace       used 45518K, committed 45824K, reserved 1089536K
  class space    used 5034K, committed 5184K, reserved 1048576K
}
Event: 328.722 GC heap after
{Heap after GC invocations=223 (full 0):
 garbage-first heap   total 60416K, used 25327K [0x00000000c3000000, 0x0000000100000000)
  region size 1024K, 1 young (1024K), 1 survivors (1024K)
 Metaspace       used 45518K, committed 45824K, reserved 1089536K
  class space    used 5034K, committed 5184K, reserved 1048576K
}
Event: 330.333 GC heap before
{Heap before GC invocations=223 (full 0):
 garbage-first heap   total 60416K, used 48879K [0x00000000c3000000, 0x0000000100000000)
  region size 1024K, 25 young (25600K), 1 survivors (1024K)
 Metaspace       used 45518K, committed 45824K, reserved 1089536K
  class space    used 5034K, committed 5184K, reserved 1048576K
}
Event: 330.335 GC heap after
{Heap after GC invocations=224 (full 0):
 garbage-first heap   total 60416K, used 25691K [0x00000000c3000000, 0x0000000100000000)
  region size 1024K, 2 young (2048K), 2 survivors (2048K)
 Metaspace       used 45518K, committed 45824K, reserved 1089536K
  class space    used 5034K, committed 5184K, reserved 1048576K
}
Event: 331.433 GC heap before
{Heap before GC invocations=224 (full 0):
 garbage-first heap   total 60416K, used 48219K [0x00000000c3000000, 0x0000000100000000)
  region size 1024K, 25 young (25600K), 2 survivors (2048K)
 Metaspace       used 45518K, committed 45824K, reserved 1089536K
  class space    used 5034K, committed 5184K, reserved 1048576K
}
Event: 331.437 GC heap after
{Heap after GC invocations=225 (full 0):
 garbage-first heap   total 60416K, used 25669K [0x00000000c3000000, 0x0000000100000000)
  region size 1024K, 1 young (1024K), 1 survivors (1024K)
 Metaspace       used 45518K, committed 45824K, reserved 1089536K
  class space    used 5034K, committed 5184K, reserved 1048576K
}
Event: 333.882 GC heap before
{Heap before GC invocations=225 (full 0):
 garbage-first heap   total 60416K, used 49221K [0x00000000c3000000, 0x0000000100000000)
  region size 1024K, 25 young (25600K), 1 survivors (1024K)
 Metaspace       used 45518K, committed 45824K, reserved 1089536K
  class space    used 5034K, committed 5184K, reserved 1048576K
}
Event: 333.897 GC heap after
{Heap after GC invocations=226 (full 0):
 garbage-first heap   total 60416K, used 25601K [0x00000000c3000000, 0x0000000100000000)
  region size 1024K, 1 young (1024K), 1 survivors (1024K)
 Metaspace       used 45518K, committed 45824K, reserved 1089536K
  class space    used 5034K, committed 5184K, reserved 1048576K
}
Event: 516.576 GC heap before
{Heap before GC invocations=226 (full 0):
 garbage-first heap   total 60416K, used 37889K [0x00000000c3000000, 0x0000000100000000)
  region size 1024K, 15 young (15360K), 1 survivors (1024K)
 Metaspace       used 45554K, committed 45888K, reserved 1089536K
  class space    used 5035K, committed 5184K, reserved 1048576K
}
Event: 516.604 GC heap after
{Heap after GC invocations=227 (full 0):
 garbage-first heap   total 60416K, used 25269K [0x00000000c3000000, 0x0000000100000000)
  region size 1024K, 1 young (1024K), 1 survivors (1024K)
 Metaspace       used 45554K, committed 45888K, reserved 1089536K
  class space    used 5035K, committed 5184K, reserved 1048576K
}
Event: 543.128 GC heap before
{Heap before GC invocations=227 (full 0):
 garbage-first heap   total 60416K, used 34485K [0x00000000c3000000, 0x0000000100000000)
  region size 1024K, 6 young (6144K), 1 survivors (1024K)
 Metaspace       used 45600K, committed 45888K, reserved 1089536K
  class space    used 5038K, committed 5184K, reserved 1048576K
}
Event: 543.156 GC heap after
{Heap after GC invocations=228 (full 0):
 garbage-first heap   total 60416K, used 30747K [0x00000000c3000000, 0x0000000100000000)
  region size 1024K, 1 young (1024K), 1 survivors (1024K)
 Metaspace       used 45600K, committed 45888K, reserved 1089536K
  class space    used 5038K, committed 5184K, reserved 1048576K
}

Deoptimization events (20 events):
Event: 542.819 Thread 0x00000279e6df34a0 Uncommon trap: trap_request=0xffffffde fr.pc=0x00000279d9167b28 relative=0x00000000000004c8
Event: 542.819 Thread 0x00000279e6df34a0 Uncommon trap: reason=class_check action=maybe_recompile pc=0x00000279d9167b28 method=org.openqa.selenium.Capabilities.getBrowserName()Ljava/lang/String; @ 3 c2
Event: 542.819 Thread 0x00000279e6df34a0 DEOPT PACKING pc=0x00000279d9167b28 sp=0x000000c1ed0fde10
Event: 542.820 Thread 0x00000279e6df34a0 DEOPT UNPACKING pc=0x00000279d15023a3 sp=0x000000c1ed0fddb8 mode 2
Event: 543.016 Thread 0x00000279e7674030 Uncommon trap: trap_request=0xffffffde fr.pc=0x00000279d92f0478 relative=0x00000000000001d8
Event: 543.017 Thread 0x00000279e7674030 Uncommon trap: reason=class_check action=maybe_recompile pc=0x00000279d92f0478 method=java.util.concurrent.CompletableFuture.postComplete()V @ 76 c2
Event: 543.017 Thread 0x00000279e7674030 DEOPT PACKING pc=0x00000279d92f0478 sp=0x000000c1ee2ff5d0
Event: 543.017 Thread 0x00000279e7674030 DEOPT UNPACKING pc=0x00000279d15023a3 sp=0x000000c1ee2ff578 mode 2
Event: 543.106 Thread 0x00000279e7677520 Uncommon trap: trap_request=0xffffffde fr.pc=0x00000279d92e4340 relative=0x0000000000000220
Event: 543.106 Thread 0x00000279e7677520 Uncommon trap: reason=class_check action=maybe_recompile pc=0x00000279d92e4340 method=java.util.AbstractQueue.add(Ljava/lang/Object;)Z @ 2 c2
Event: 543.106 Thread 0x00000279e7677520 DEOPT PACKING pc=0x00000279d92e4340 sp=0x000000c1ee5fe5e0
Event: 543.106 Thread 0x00000279e7677520 DEOPT UNPACKING pc=0x00000279d15023a3 sp=0x000000c1ee5fe5b8 mode 2
Event: 543.122 Thread 0x00000279e7677520 Uncommon trap: trap_request=0xffffffde fr.pc=0x00000279d92dcc20 relative=0x0000000000001380
Event: 543.123 Thread 0x00000279e7677520 Uncommon trap: reason=class_check action=maybe_recompile pc=0x00000279d92dcc20 method=java.io.FilterInputStream.available()I @ 4 c2
Event: 543.123 Thread 0x00000279e7677520 DEOPT PACKING pc=0x00000279d92dcc20 sp=0x000000c1ee5fe1c0
Event: 543.123 Thread 0x00000279e7677520 DEOPT UNPACKING pc=0x00000279d15023a3 sp=0x000000c1ee5fe070 mode 2
Event: 543.123 Thread 0x00000279e7677520 Uncommon trap: trap_request=0xffffffde fr.pc=0x00000279d92262b8 relative=0x0000000000000198
Event: 543.123 Thread 0x00000279e7677520 Uncommon trap: reason=class_check action=maybe_recompile pc=0x00000279d92262b8 method=java.io.FilterInputStream.available()I @ 4 c2
Event: 543.123 Thread 0x00000279e7677520 DEOPT PACKING pc=0x00000279d92262b8 sp=0x000000c1ee5fe170
Event: 543.124 Thread 0x00000279e7677520 DEOPT UNPACKING pc=0x00000279d15023a3 sp=0x000000c1ee5fe0d0 mode 2

Classes unloaded (0 events):
No events

Classes redefined (0 events):
No events

Internal exceptions (20 events):
Event: 27.242 Thread 0x00000279e6df34a0 Exception <a 'java/lang/NoSuchMethodError'{0x00000000c53a38f8}: 'void java.lang.invoke.DirectMethodHandle$Holder.invokeVirtual(java.lang.Object, java.lang.Object)'> (0x00000000c53a38f8) 
thrown [e:\jenkins\tmp\workspace\build\src\src\hotspot\share\interpreter\linkResolver.cpp, line 766]
Event: 27.636 Thread 0x00000279e6df34a0 Exception <a 'java/lang/NoSuchMethodError'{0x00000000c55a6de8}: 'java.lang.Object java.lang.invoke.DirectMethodHandle$Holder.invokeVirtual(java.lang.Object, java.lang.Object, int)'> (0x00000000c55a6de8) 
thrown [e:\jenkins\tmp\workspace\build\src\src\hotspot\share\interpreter\linkResolver.cpp, line 766]
Event: 27.638 Thread 0x00000279e6df34a0 Exception <a 'java/lang/NoSuchMethodError'{0x00000000c55b8a70}: 'void java.lang.invoke.DirectMethodHandle$Holder.invokeVirtual(java.lang.Object, java.lang.Object, int)'> (0x00000000c55b8a70) 
thrown [e:\jenkins\tmp\workspace\build\src\src\hotspot\share\interpreter\linkResolver.cpp, line 766]
Event: 514.909 Thread 0x00000279e6df34a0 Exception <a 'java/lang/ClassNotFoundException'{0x00000000c5f585b8}: sun/misc/SharedSecrets> (0x00000000c5f585b8) 
thrown [e:\jenkins\tmp\workspace\build\src\src\hotspot\share\classfile\systemDictionary.cpp, line 256]
Event: 515.140 Thread 0x00000279e6df34a0 Exception <a 'java/net/SocketException'{0x00000000c5f824f8}: Socket is not connected: shutdown> (0x00000000c5f824f8) 
thrown [e:\jenkins\tmp\workspace\build\src\src\hotspot\share\prims\jni.cpp, line 535]
Event: 515.141 Thread 0x00000279e6df34a0 Exception <a 'java/net/SocketException'{0x00000000c5f82ab8}: Socket is not connected: shutdown> (0x00000000c5f82ab8) 
thrown [e:\jenkins\tmp\workspace\build\src\src\hotspot\share\prims\jni.cpp, line 535]
Event: 516.153 Thread 0x00000279e6df34a0 Implicit null exception at 0x00000279d9130433 to 0x00000279d9132e44
Event: 516.523 Thread 0x00000279e6df34a0 Implicit null exception at 0x00000279d931adb0 to 0x00000279d931adf0
Event: 516.529 Thread 0x00000279e76761e0 Implicit null exception at 0x00000279d92e0580 to 0x00000279d92e1ae0
Event: 516.569 Thread 0x00000279e76761e0 Implicit null exception at 0x00000279d91ebded to 0x00000279d91ed228
Event: 516.638 Thread 0x00000279e76761e0 Implicit null exception at 0x00000279d9276a84 to 0x00000279d9276be0
Event: 519.759 Thread 0x00000279e76761e0 Implicit null exception at 0x00000279d91b1f40 to 0x00000279d91b6d6c
Event: 519.865 Thread 0x00000279e6df34a0 Implicit null exception at 0x00000279d91fb2b7 to 0x00000279d91fba00
Event: 519.867 Thread 0x00000279e6df34a0 Implicit null exception at 0x00000279d920e892 to 0x00000279d920fa7c
Event: 519.869 Thread 0x00000279e6df34a0 Implicit null exception at 0x00000279d931aaac to 0x00000279d931aae0
Event: 519.871 Thread 0x00000279e7676b80 Implicit null exception at 0x00000279d92e30d3 to 0x00000279d92e312c
Event: 541.901 Thread 0x00000279e6df34a0 Exception <a 'java/net/SocketException'{0x00000000c6842f18}: Socket is not connected: shutdown> (0x00000000c6842f18) 
thrown [e:\jenkins\tmp\workspace\build\src\src\hotspot\share\prims\jni.cpp, line 535]
Event: 541.907 Thread 0x00000279e6df34a0 Exception <a 'java/net/SocketException'{0x00000000c68434d8}: Socket is not connected: shutdown> (0x00000000c68434d8) 
thrown [e:\jenkins\tmp\workspace\build\src\src\hotspot\share\prims\jni.cpp, line 535]
Event: 542.977 Thread 0x00000279e7672820 Exception <a 'java/net/ConnectException'{0x00000000c68f62d0}: Connection refused: no further information> (0x00000000c68f62d0) 
thrown [e:\jenkins\tmp\workspace\build\src\src\hotspot\share\prims\jni.cpp, line 535]
Event: 542.977 Thread 0x00000279e7672820 Exception <a 'java/net/SocketException'{0x00000000c68f6608}: Socket is not connected: shutdown> (0x00000000c68f6608) 
thrown [e:\jenkins\tmp\workspace\build\src\src\hotspot\share\prims\jni.cpp, line 535]

VM Operations (20 events):
Event: 515.484 Executing VM operation: Cleanup done
Event: 516.497 Executing VM operation: Cleanup
Event: 516.497 Executing VM operation: Cleanup done
Event: 516.575 Executing VM operation: G1TryInitiateConcMark
Event: 516.605 Executing VM operation: G1TryInitiateConcMark done
Event: 517.617 Executing VM operation: Cleanup
Event: 517.617 Executing VM operation: Cleanup done
Event: 520.637 Executing VM operation: Cleanup
Event: 520.638 Executing VM operation: Cleanup done
Event: 521.642 Executing VM operation: Cleanup
Event: 521.642 Executing VM operation: Cleanup done
Event: 531.746 Executing VM operation: Cleanup
Event: 531.746 Executing VM operation: Cleanup done
Event: 541.859 Executing VM operation: Cleanup
Event: 541.862 Executing VM operation: Cleanup done
Event: 542.868 Executing VM operation: Cleanup
Event: 542.868 Executing VM operation: Cleanup done
Event: 543.126 Executing VM operation: G1TryInitiateConcMark
Event: 543.156 Executing VM operation: G1TryInitiateConcMark done
Event: 543.269 Executing VM operation: G1Concurrent

Events (20 events):
Event: 514.909 loading class sun/misc/SharedSecrets done
Event: 516.163 Thread 0x00000279e7672cf0 Thread added: 0x00000279e7672cf0
Event: 516.254 Thread 0x00000279e7674ea0 Thread added: 0x00000279e7674ea0
Event: 516.259 Thread 0x00000279e7674500 Thread added: 0x00000279e7674500
Event: 516.285 Thread 0x00000279e7675370 Thread added: 0x00000279e7675370
Event: 516.285 Thread 0x00000279e76719b0 Thread added: 0x00000279e76719b0
Event: 516.293 Thread 0x00000279e7672820 Thread added: 0x00000279e7672820
Event: 516.419 Thread 0x00000279e7675d10 Thread added: 0x00000279e7675d10
Event: 516.523 Thread 0x00000279e76761e0 Thread added: 0x00000279e76761e0
Event: 519.862 Thread 0x00000279e7673b60 Thread added: 0x00000279e7673b60
Event: 519.869 Thread 0x00000279e7676b80 Thread added: 0x00000279e7676b80
Event: 519.912 Thread 0x00000279e7670670 Thread added: 0x00000279e7670670
Event: 521.426 Thread 0x00000279e7675d10 Thread exited: 0x00000279e7675d10
Event: 542.829 Thread 0x00000279e7671e80 Thread added: 0x00000279e7671e80
Event: 542.880 Thread 0x00000279e7672350 Thread added: 0x00000279e7672350
Event: 542.886 Thread 0x00000279e7670b40 Thread added: 0x00000279e7670b40
Event: 542.947 Thread 0x00000279e7674030 Thread added: 0x00000279e7674030
Event: 542.948 Thread 0x00000279e7675d10 Thread added: 0x00000279e7675d10
Event: 543.014 Thread 0x00000279e7677050 Thread added: 0x00000279e7677050
Event: 543.098 Thread 0x00000279e7677520 Thread added: 0x00000279e7677520


Dynamic libraries:
0x00007ff77e3d0000 - 0x00007ff77e3de000 	C:\Users\hp\.p2\pool\plugins\org.eclipse.justj.openjdk.hotspot.jre.full.win32.x86_64_17.0.1.v20211116-1657\jre\bin\javaw.exe
0x00007fff0fec0000 - 0x00007fff100c9000 	C:\WINDOWS\SYSTEM32\ntdll.dll
0x00007ffeca520000 - 0x00007ffeca539000 	C:\Program Files\Avast Software\Avast\aswhook.dll
0x00007fff0e0a0000 - 0x00007fff0e15e000 	C:\WINDOWS\System32\KERNEL32.DLL
0x00007fff0d6e0000 - 0x00007fff0da5c000 	C:\WINDOWS\System32\KERNELBASE.dll
0x00007fff0db00000 - 0x00007fff0dc11000 	C:\WINDOWS\System32\ucrtbase.dll
0x00007ffefac80000 - 0x00007ffefac98000 	C:\Users\hp\.p2\pool\plugins\org.eclipse.justj.openjdk.hotspot.jre.full.win32.x86_64_17.0.1.v20211116-1657\jre\bin\jli.dll
0x00007ffef22c0000 - 0x00007ffef22d9000 	C:\Users\hp\.p2\pool\plugins\org.eclipse.justj.openjdk.hotspot.jre.full.win32.x86_64_17.0.1.v20211116-1657\jre\bin\VCRUNTIME140.dll
0x00007fff0ee30000 - 0x00007fff0efdd000 	C:\WINDOWS\System32\USER32.dll
0x00007fff0d390000 - 0x00007fff0d3b6000 	C:\WINDOWS\System32\win32u.dll
0x00007fff0e160000 - 0x00007fff0e189000 	C:\WINDOWS\System32\GDI32.dll
0x00007fff0dc20000 - 0x00007fff0dd38000 	C:\WINDOWS\System32\gdi32full.dll
0x00007fff0da60000 - 0x00007fff0dafd000 	C:\WINDOWS\System32\msvcp_win.dll
0x00007ffee8a50000 - 0x00007ffee8cf5000 	C:\WINDOWS\WinSxS\amd64_microsoft.windows.common-controls_6595b64144ccf1df_6.0.22000.120_none_9d947278b86cc467\COMCTL32.dll
0x00007fff0f120000 - 0x00007fff0f1c3000 	C:\WINDOWS\System32\msvcrt.dll
0x00007fff0fdb0000 - 0x00007fff0fde1000 	C:\WINDOWS\System32\IMM32.DLL
0x00007fff0a280000 - 0x00007fff0a28c000 	C:\Users\hp\.p2\pool\plugins\org.eclipse.justj.openjdk.hotspot.jre.full.win32.x86_64_17.0.1.v20211116-1657\jre\bin\vcruntime140_1.dll
0x00007ffeef350000 - 0x00007ffeef3e1000 	C:\Users\hp\.p2\pool\plugins\org.eclipse.justj.openjdk.hotspot.jre.full.win32.x86_64_17.0.1.v20211116-1657\jre\bin\msvcp140.dll
0x00007ffebea90000 - 0x00007ffebf6d6000 	C:\Users\hp\.p2\pool\plugins\org.eclipse.justj.openjdk.hotspot.jre.full.win32.x86_64_17.0.1.v20211116-1657\jre\bin\server\jvm.dll
0x00007fff0dde0000 - 0x00007fff0de8e000 	C:\WINDOWS\System32\ADVAPI32.dll
0x00007fff0f2c0000 - 0x00007fff0f35e000 	C:\WINDOWS\System32\sechost.dll
0x00007fff0fc90000 - 0x00007fff0fdb0000 	C:\WINDOWS\System32\RPCRT4.dll
0x00007fff0ec70000 - 0x00007fff0ec78000 	C:\WINDOWS\System32\PSAPI.DLL
0x00007fff068a0000 - 0x00007fff068d3000 	C:\WINDOWS\SYSTEM32\WINMM.dll
0x00007fff06400000 - 0x00007fff0640a000 	C:\WINDOWS\SYSTEM32\VERSION.dll
0x00007ffef7790000 - 0x00007ffef7799000 	C:\WINDOWS\SYSTEM32\WSOCK32.dll
0x00007fff0ec00000 - 0x00007fff0ec6f000 	C:\WINDOWS\System32\WS2_32.dll
0x00007fff0c3d0000 - 0x00007fff0c3e8000 	C:\WINDOWS\SYSTEM32\kernel.appcore.dll
0x00007fff08ee0000 - 0x00007fff08eea000 	C:\Users\hp\.p2\pool\plugins\org.eclipse.justj.openjdk.hotspot.jre.full.win32.x86_64_17.0.1.v20211116-1657\jre\bin\jimage.dll
0x00007fff0ae10000 - 0x00007fff0b031000 	C:\WINDOWS\SYSTEM32\DBGHELP.DLL
0x00007ffef8b40000 - 0x00007ffef8b71000 	C:\WINDOWS\SYSTEM32\dbgcore.DLL
0x00007fff0d5f0000 - 0x00007fff0d66f000 	C:\WINDOWS\System32\bcryptPrimitives.dll
0x00007ffef2280000 - 0x00007ffef22a5000 	C:\Users\hp\.p2\pool\plugins\org.eclipse.justj.openjdk.hotspot.jre.full.win32.x86_64_17.0.1.v20211116-1657\jre\bin\java.dll
0x00007ffeefb90000 - 0x00007ffeefba8000 	C:\Users\hp\.p2\pool\plugins\org.eclipse.justj.openjdk.hotspot.jre.full.win32.x86_64_17.0.1.v20211116-1657\jre\bin\zip.dll
0x00007fff0f4b0000 - 0x00007fff0fc75000 	C:\WINDOWS\System32\SHELL32.dll
0x00007fff0b440000 - 0x00007fff0bca5000 	C:\WINDOWS\SYSTEM32\windows.storage.dll
0x00007fff0e410000 - 0x00007fff0e786000 	C:\WINDOWS\System32\combase.dll
0x00007fff0b2d0000 - 0x00007fff0b436000 	C:\WINDOWS\SYSTEM32\wintypes.dll
0x00007fff0f3c0000 - 0x00007fff0f4aa000 	C:\WINDOWS\System32\SHCORE.dll
0x00007fff0e3b0000 - 0x00007fff0e40d000 	C:\WINDOWS\System32\shlwapi.dll
0x00007fff0d2c0000 - 0x00007fff0d2e1000 	C:\WINDOWS\SYSTEM32\profapi.dll
0x00007ffeef330000 - 0x00007ffeef349000 	C:\Users\hp\.p2\pool\plugins\org.eclipse.justj.openjdk.hotspot.jre.full.win32.x86_64_17.0.1.v20211116-1657\jre\bin\net.dll
0x00007fff05c80000 - 0x00007fff05d92000 	C:\WINDOWS\SYSTEM32\WINHTTP.dll
0x00007fff0c870000 - 0x00007fff0c8d7000 	C:\WINDOWS\system32\mswsock.dll
0x00007ffeef310000 - 0x00007ffeef325000 	C:\Users\hp\.p2\pool\plugins\org.eclipse.justj.openjdk.hotspot.jre.full.win32.x86_64_17.0.1.v20211116-1657\jre\bin\nio.dll
0x00007fff0bf30000 - 0x00007fff0c018000 	C:\WINDOWS\SYSTEM32\DNSAPI.dll
0x00007fff0bf00000 - 0x00007fff0bf2d000 	C:\WINDOWS\SYSTEM32\IPHLPAPI.DLL
0x00007fff0ee20000 - 0x00007fff0ee29000 	C:\WINDOWS\System32\NSI.dll
0x00007ffefcf60000 - 0x00007ffefcf6a000 	C:\Windows\System32\rasadhlp.dll
0x00007fff02970000 - 0x00007fff029f1000 	C:\WINDOWS\System32\fwpuclnt.dll
0x00007fff0caf0000 - 0x00007fff0cb08000 	C:\WINDOWS\SYSTEM32\CRYPTSP.dll
0x00007fff0c330000 - 0x00007fff0c365000 	C:\WINDOWS\system32\rsaenh.dll
0x00007fff0c980000 - 0x00007fff0c9a9000 	C:\WINDOWS\SYSTEM32\USERENV.dll
0x00007fff0cc80000 - 0x00007fff0cca7000 	C:\WINDOWS\SYSTEM32\bcrypt.dll
0x00007fff0cb10000 - 0x00007fff0cb1c000 	C:\WINDOWS\SYSTEM32\CRYPTBASE.dll
0x00007fff05f60000 - 0x00007fff05f79000 	C:\WINDOWS\SYSTEM32\dhcpcsvc6.DLL
0x00007fff05f00000 - 0x00007fff05f1e000 	C:\WINDOWS\SYSTEM32\dhcpcsvc.DLL
0x00007fff030a0000 - 0x00007fff030b0000 	C:\Users\hp\.p2\pool\plugins\org.eclipse.justj.openjdk.hotspot.jre.full.win32.x86_64_17.0.1.v20211116-1657\jre\bin\verify.dll
0x00007fff0a4d0000 - 0x00007fff0a561000 	C:\WINDOWS\system32\apphelp.dll
0x00007ffefac20000 - 0x00007ffefac29000 	C:\Users\hp\.p2\pool\plugins\org.eclipse.justj.openjdk.hotspot.jre.full.win32.x86_64_17.0.1.v20211116-1657\jre\bin\management.dll
0x00007ffef98c0000 - 0x00007ffef98cb000 	C:\Users\hp\.p2\pool\plugins\org.eclipse.justj.openjdk.hotspot.jre.full.win32.x86_64_17.0.1.v20211116-1657\jre\bin\management_ext.dll
0x00007ffef96a0000 - 0x00007ffef96ae000 	C:\Users\hp\.p2\pool\plugins\org.eclipse.justj.openjdk.hotspot.jre.full.win32.x86_64_17.0.1.v20211116-1657\jre\bin\sunmscapi.dll
0x00007fff0d480000 - 0x00007fff0d5e2000 	C:\WINDOWS\System32\CRYPT32.dll
0x00007fff0cc50000 - 0x00007fff0cc78000 	C:\WINDOWS\SYSTEM32\ncrypt.dll
0x00007fff0cc10000 - 0x00007fff0cc47000 	C:\WINDOWS\SYSTEM32\NTASN1.dll
0x00007ffef1440000 - 0x00007ffef1448000 	C:\WINDOWS\system32\wshunix.dll

dbghelp: loaded successfully - version: 4.0.5 - missing functions: none
symbol engine: initialized successfully - sym options: 0x614 - pdb path: .;C:\Users\hp\.p2\pool\plugins\org.eclipse.justj.openjdk.hotspot.jre.full.win32.x86_64_17.0.1.v20211116-1657\jre\bin;C:\WINDOWS\SYSTEM32;C:\Program Files\Avast Software\Avast;C:\WINDOWS\WinSxS\amd64_microsoft.windows.common-controls_6595b64144ccf1df_6.0.22000.120_none_9d947278b86cc467;C:\Users\hp\.p2\pool\plugins\org.eclipse.justj.openjdk.hotspot.jre.full.win32.x86_64_17.0.1.v20211116-1657\jre\bin\server

VM Arguments:
jvm_args: -ea -Dfile.encoding=windows-1252 -XX:+ShowCodeDetailsInExceptionMessages 
java_command: org.testng.remote.RemoteTestNG -serport 59389 -protocol json -d C:\Users\hp\eclipse-workspace1\com.Travel.TMS\test-output C:\Users\hp\eclipse-workspace1\com.Travel.TMS\batchAll.xml
java_class_path (initial): C:\Users\hp\eclipse\jee-2021-09\eclipse\configuration\org.eclipse.osgi\938\0\.cp\lib\testng-remote.jar;C:\Users\hp\eclipse-workspace1\com.Travel.TMS\target\test-classes;C:\Users\hp\eclipse-workspace1\com.Travel.TMS\target\classes;C:\Users\hp\.p2\pool\plugins\org.testng_7.4.0.r202105021533.jar;C:\Users\hp\.p2\pool\plugins\com.beust.jcommander_1.78.0.jar;C:\Users\hp\.p2\pool\plugins\org.apache-extras.beanshell.bsh_2.0.0.b6.jar;C:\Users\hp\.p2\pool\plugins\org.yaml.snakeyaml_1.27.0.v20221112-0806.jar;C:\Users\hp\.p2\pool\plugins\org.webjars.jquery_3.5.1.jar;C:\Users\hp\.m2\repository\org\seleniumhq\selenium\selenium-java\4.8.0\selenium-java-4.8.0.jar;C:\Users\hp\.m2\repository\org\seleniumhq\selenium\selenium-api\4.8.0\selenium-api-4.8.0.jar;C:\Users\hp\.m2\repository\org\seleniumhq\selenium\selenium-chrome-driver\4.8.0\selenium-chrome-driver-4.8.0.jar;C:\Users\hp\.m2\repository\com\google\auto\service\auto-service-annotations\1.0.1\auto-service-annotations-1.0.1.jar;C:\Users\hp\.m2\repository\com\google\auto\service\auto-service\1.0.1\auto-service-1.0.1.jar;C:\Users\hp\.m2\repository\com\google\auto\auto-common\1.2\auto-common-1.2.jar;C:\Users\hp\.m2\repository\com\google\guava\guava\31.1-jre\guava-31.1-jre.jar;C:\Users\hp\.m2\repository\com\google\guava\failureaccess\1.0.1\failureaccess-1.0.1.jar;C:\Users\hp\.m2\repository\com\google\guava\listenablefuture\9999.0-empty-to-avoid-conflict-with-guava\listenablefuture-9999.0-empty-to-avoid-conflict-with-guava.jar;C:\Users\hp\.m2\repository\com\google\code\findbugs\jsr305\3.0.2\jsr305-3.0.2.jar;C:\Users\hp\.m2\repository\org\checkerframework\checker-qual\3.12.0\checker-qual-3.12.0.jar;C:\Users\hp\.m2\repository\com\google\errorprone\error_prone_annotations\2.11.0\error_prone_annotations-2.11.0.jar;C:\Users\hp\.m2\repository\com\google\j2objc\j2objc-annotations\1.3\j2objc-annotations-1.3.jar;C:\Users\hp\.m2\repository\org\seleniumhq\selenium\selenium-chromium-driver\4.8.0\selenium-chromium-driv
Launcher Type: SUN_STANDARD

[Global flags]
     intx CICompilerCount                          = 4                                         {product} {ergonomic}
     uint ConcGCThreads                            = 2                                         {product} {ergonomic}
     uint G1ConcRefinementThreads                  = 8                                         {product} {ergonomic}
   size_t G1HeapRegionSize                         = 1048576                                   {product} {ergonomic}
    uintx GCDrainStackTargetSize                   = 64                                        {product} {ergonomic}
   size_t InitialHeapSize                          = 65011712                                  {product} {ergonomic}
   size_t MarkStackSize                            = 4194304                                   {product} {ergonomic}
   size_t MaxHeapSize                              = 1023410176                                {product} {ergonomic}
   size_t MaxNewSize                               = 613416960                                 {product} {ergonomic}
   size_t MinHeapDeltaBytes                        = 1048576                                   {product} {ergonomic}
   size_t MinHeapSize                              = 8388608                                   {product} {ergonomic}
    uintx NonNMethodCodeHeapSize                   = 5839372                                {pd product} {ergonomic}
    uintx NonProfiledCodeHeapSize                  = 122909434                              {pd product} {ergonomic}
    uintx ProfiledCodeHeapSize                     = 122909434                              {pd product} {ergonomic}
    uintx ReservedCodeCacheSize                    = 251658240                              {pd product} {ergonomic}
     bool SegmentedCodeCache                       = true                                      {product} {ergonomic}
     bool ShowCodeDetailsInExceptionMessages       = true                                   {manageable} {command line}
   size_t SoftMaxHeapSize                          = 1023410176                             {manageable} {ergonomic}
     bool UseCompressedClassPointers               = true                           {product lp64_product} {ergonomic}
     bool UseCompressedOops                        = true                           {product lp64_product} {ergonomic}
     bool UseG1GC                                  = true                                      {product} {ergonomic}
     bool UseLargePagesIndividualAllocation        = false                                  {pd product} {ergonomic}

Logging:
Log output configuration:
 #0: stdout all=warning uptime,level,tags
 #1: stderr all=off uptime,level,tags

Environment Variables:
JAVA_HOME=C:\Program Files\Java\jdk-11.0.17
PATH=C:/Users/hp/.p2/pool/plugins/org.eclipse.justj.openjdk.hotspot.jre.full.win32.x86_64_19.0.1.v20221102-1007/jre/bin/server;C:/Users/hp/.p2/pool/plugins/org.eclipse.justj.openjdk.hotspot.jre.full.win32.x86_64_19.0.1.v20221102-1007/jre/bin;C:\Program Files\Java\jdk-11.0.17\bin;C:\Program Files\Common Files\Oracle\Java\javapath;F:\oracle\product\10.2.0\db_1\bin;C:\WINDOWS\system32;C:\WINDOWS;C:\WINDOWS\System32\Wbem;C:\WINDOWS\System32\WindowsPowerShell\v1.0\;C:\WINDOWS\System32\OpenSSH\;C:\Program Files\dotnet\;C:\apache-maven-3.8.6\bin;C:\Program Files\Common Files\Oracle\Java\javapath;C:\Program Files\nodejs\;C:\Program Files\nodejs\node_modules;C:\Program Files\Git\cmd;C:\Program Files\Git\mingw64\bin;C:\Program Files\Git\usr\bin;C:\Users\hp\AppData\Local\Microsoft\WindowsApps;;C:\Users\hp\AppData\Local\Programs\Microsoft VS Code\bin;C:\Users\hp\AppData\Roaming\npm;C:\Users\hp\OneDrive\Desktop;
USERNAME=hp
OS=Windows_NT
PROCESSOR_IDENTIFIER=Intel64 Family 6 Model 166 Stepping 0, GenuineIntel



---------------  S Y S T E M  ---------------

OS:
 Windows 10 , 64 bit Build 22000 (10.0.22000.1516)
OS uptime: 0 days 18:27 hours
Hyper-V role detected

CPU: total 8 (initial active 8) (4 cores per cpu, 2 threads per core) family 6 model 166 stepping 0 microcode 0xf0, cx8, cmov, fxsr, ht, mmx, 3dnowpref, sse, sse2, sse3, ssse3, sse4.1, sse4.2, popcnt, lzcnt, tsc, tscinvbit, avx, avx2, aes, erms, clmul, bmi1, bmi2, adx, fma, vzeroupper, clflush, clflushopt, hv

Memory: 4k page, system-wide physical 3900M (97M free)
TotalPageFile size 15676M (AvailPageFile size 0M)
current process WorkingSet (physical memory assigned to process): 83M, peak: 159M
current process commit charge ("private bytes"): 240M, peak: 247M

vm_info: OpenJDK 64-Bit Server VM (17.0.1+12) for windows-amd64 JRE (17.0.1+12), built on Oct 20 2021 07:42:55 by "" with MS VC++ 16.7 (VS2019)

END.
