#
# There is insufficient memory for the Java Runtime Environment to continue.
# Native memory allocation (mmap) failed to map 20971520 bytes for G1 virtual space
# Possible reasons:
#   The system is out of physical RAM or swap space
#   The process is running with CompressedOops enabled, and the Java Heap may be blocking the growth of the native heap
# Possible solutions:
#   Reduce memory load on the system
#   Increase physical memory or swap space
#   Check if swap backing store is full
#   Decrease Java heap size (-Xmx/-Xms)
#   Decrease number of Java threads
#   Decrease Java thread stack sizes (-Xss)
#   Set larger code cache with -XX:ReservedCodeCacheSize=
#   JVM is running with Unscaled Compressed Oops mode in which the Java heap is
#     placed in the first 4GB address space. The Java Heap base address is the
#     maximum limit for the native heap growth. Please use -XX:HeapBaseMinAddress
#     to set the Java Heap base and to place the Java Heap above 4GB virtual address.
# This output file may be truncated or incomplete.
#
#  Out of Memory Error (os_windows.cpp:3469), pid=20444, tid=29272
#
# JRE version: OpenJDK Runtime Environment Temurin-17.0.1+12 (17.0.1+12) (build 17.0.1+12)
# Java VM: OpenJDK 64-Bit Server VM Temurin-17.0.1+12 (17.0.1+12, mixed mode, tiered, compressed oops, compressed class ptrs, g1 gc, windows-amd64)
# No core dump will be written. Minidumps are not enabled by default on client versions of Windows
#

---------------  S U M M A R Y ------------

Command Line: -ea -Dfile.encoding=windows-1252 -XX:+ShowCodeDetailsInExceptionMessages org.testng.remote.RemoteTestNG -serport 53486 -protocol json -d C:\Users\hp\eclipse-workspace1\com.Travel.TMS\test-output C:\Users\hp\AppData\Local\Temp\testng-eclipse--2076742059\testng-customsuite.xml

Host: Intel(R) Core(TM) i5-10210U CPU @ 1.60GHz, 8 cores, 3G,  Windows 10 , 64 bit Build 22000 (10.0.22000.1516)
Time: Tue Mar 28 16:46:02 2023 India Standard Time elapsed time: 20.153535 seconds (0d 0h 0m 20s)

---------------  T H R E A D  ---------------

Current thread (0x00000278dc2b6b90):  VMThread "VM Thread" [stack: 0x00000099c4e00000,0x00000099c4f00000] [id=29272]

Stack: [0x00000099c4e00000,0x00000099c4f00000]
Native frames: (J=compiled Java code, j=interpreted, Vv=VM code, C=native code)
V  [jvm.dll+0x6744da]
V  [jvm.dll+0x82e144]
V  [jvm.dll+0x82f8ee]
V  [jvm.dll+0x82ff53]
V  [jvm.dll+0x245175]
V  [jvm.dll+0x6714c9]
V  [jvm.dll+0x665f92]
V  [jvm.dll+0x303c3b]
V  [jvm.dll+0x30b176]
V  [jvm.dll+0x35af1e]
V  [jvm.dll+0x35b14f]
V  [jvm.dll+0x2dab78]
V  [jvm.dll+0x2d8e2c]
V  [jvm.dll+0x2d83fc]
V  [jvm.dll+0x31c24b]
V  [jvm.dll+0x8343bb]
V  [jvm.dll+0x8350f4]
V  [jvm.dll+0x83560c]
V  [jvm.dll+0x8359e4]
V  [jvm.dll+0x835ab0]
V  [jvm.dll+0x7de51a]
V  [jvm.dll+0x673305]
C  [ucrtbase.dll+0x26c0c]
C  [KERNEL32.DLL+0x155a0]
C  [ntdll.dll+0x485b]

VM_Operation (0x00000099c48fb060): G1CollectForAllocation, mode: safepoint, requested by thread 0x00000278c4a9c070


---------------  P R O C E S S  ---------------

Threads class SMR info:
_java_thread_list=0x00000278df2acc20, length=25, elements={
0x00000278c4a9c070, 0x00000278dc2b9950, 0x00000278dc2ba300, 0x00000278dc334440,
0x00000278dc334d00, 0x00000278dc3356b0, 0x00000278dc336060, 0x00000278dc348c90,
0x00000278dc34a650, 0x00000278dc34af50, 0x00000278dce51ae0, 0x00000278dce5a3f0,
0x00000278dd59f350, 0x00000278de8d91d0, 0x00000278df1f8700, 0x00000278df8118d0,
0x00000278dfa65280, 0x00000278df8684d0, 0x00000278df076840, 0x00000278df079390,
0x00000278df078ec0, 0x00000278df0776b0, 0x00000278df0771e0, 0x00000278df077b80,
0x00000278df076d10
}

Java Threads: ( => current thread )
  0x00000278c4a9c070 JavaThread "main" [_thread_blocked, id=28904, stack(0x00000099c4800000,0x00000099c4900000)]
  0x00000278dc2b9950 JavaThread "Reference Handler" daemon [_thread_blocked, id=16792, stack(0x00000099c4f00000,0x00000099c5000000)]
  0x00000278dc2ba300 JavaThread "Finalizer" daemon [_thread_blocked, id=23812, stack(0x00000099c5000000,0x00000099c5100000)]
  0x00000278dc334440 JavaThread "Signal Dispatcher" daemon [_thread_blocked, id=24800, stack(0x00000099c5100000,0x00000099c5200000)]
  0x00000278dc334d00 JavaThread "Attach Listener" daemon [_thread_blocked, id=9156, stack(0x00000099c5200000,0x00000099c5300000)]
  0x00000278dc3356b0 JavaThread "Service Thread" daemon [_thread_blocked, id=15320, stack(0x00000099c5300000,0x00000099c5400000)]
  0x00000278dc336060 JavaThread "Monitor Deflation Thread" daemon [_thread_blocked, id=27516, stack(0x00000099c5400000,0x00000099c5500000)]
  0x00000278dc348c90 JavaThread "C2 CompilerThread0" daemon [_thread_blocked, id=720, stack(0x00000099c5500000,0x00000099c5600000)]
  0x00000278dc34a650 JavaThread "C1 CompilerThread0" daemon [_thread_blocked, id=24908, stack(0x00000099c5600000,0x00000099c5700000)]
  0x00000278dc34af50 JavaThread "Sweeper thread" daemon [_thread_blocked, id=13540, stack(0x00000099c5700000,0x00000099c5800000)]
  0x00000278dce51ae0 JavaThread "Notification Thread" daemon [_thread_blocked, id=3132, stack(0x00000099c5800000,0x00000099c5900000)]
  0x00000278dce5a3f0 JavaThread "Common-Cleaner" daemon [_thread_blocked, id=29612, stack(0x00000099c5a00000,0x00000099c5b00000)]
  0x00000278dd59f350 JavaThread "ReaderThread" [_thread_in_native, id=14900, stack(0x00000099c5c00000,0x00000099c5d00000)]
  0x00000278de8d91d0 JavaThread "mysql-cj-abandoned-connection-cleanup" daemon [_thread_blocked, id=28728, stack(0x00000099c6200000,0x00000099c6300000)]
  0x00000278df1f8700 JavaThread "ForkJoinPool.commonPool-worker-1" daemon [_thread_blocked, id=19752, stack(0x00000099c6300000,0x00000099c6400000)]
  0x00000278df8118d0 JavaThread "AsyncHttpClient-1-1" daemon [_thread_blocked, id=18424, stack(0x00000099c6700000,0x00000099c6800000)]
  0x00000278dfa65280 JavaThread "Exec Default Executor" daemon [_thread_in_native, id=26844, stack(0x00000099c6800000,0x00000099c6900000)]
  0x00000278df8684d0 JavaThread "Exec Stream Pumper" daemon [_thread_in_native, id=28400, stack(0x00000099c6900000,0x00000099c6a00000)]
  0x00000278df076840 JavaThread "Exec Stream Pumper" daemon [_thread_in_native, id=28892, stack(0x00000099c6a00000,0x00000099c6b00000)]
  0x00000278df079390 JavaThread "Driver Service Executor" daemon [_thread_blocked, id=21428, stack(0x00000099c6b00000,0x00000099c6c00000)]
  0x00000278df078ec0 JavaThread "Driver Service Executor" daemon [_thread_blocked, id=29244, stack(0x00000099c6c00000,0x00000099c6d00000)]
  0x00000278df0776b0 JavaThread "UrlChecker-2" daemon [_thread_blocked, id=27424, stack(0x00000099c6d00000,0x00000099c6e00000)]
  0x00000278df0771e0 JavaThread "AsyncHttpClient-1-2" daemon [_thread_in_native, id=18996, stack(0x00000099c6f00000,0x00000099c7000000)]
  0x00000278df077b80 JavaThread "AsyncHttpClient-1-3" daemon [_thread_in_native, id=25920, stack(0x00000099c6e00000,0x00000099c6f00000)]
  0x00000278df076d10 JavaThread "AsyncHttpClient-1-4" daemon [_thread_in_native, id=12928, stack(0x00000099c7000000,0x00000099c7100000)]

Other Threads:
=>0x00000278dc2b6b90 VMThread "VM Thread" [stack: 0x00000099c4e00000,0x00000099c4f00000] [id=29272]
  0x00000278c4ade0e0 WatcherThread [stack: 0x00000099c5900000,0x00000099c5a00000] [id=29152]
  0x00000278c4ac90c0 GCTaskThread "GC Thread#0" [stack: 0x00000099c4900000,0x00000099c4a00000] [id=6448]
  0x00000278dd8fa140 GCTaskThread "GC Thread#1" [stack: 0x00000099c5d00000,0x00000099c5e00000] [id=25476]
  0x00000278de898a80 GCTaskThread "GC Thread#2" [stack: 0x00000099c5e00000,0x00000099c5f00000] [id=18904]
  0x00000278de898d30 GCTaskThread "GC Thread#3" [stack: 0x00000099c5f00000,0x00000099c6000000] [id=25852]
  0x00000278de906050 GCTaskThread "GC Thread#4" [stack: 0x00000099c6000000,0x00000099c6100000] [id=2208]
  0x00000278de906300 GCTaskThread "GC Thread#5" [stack: 0x00000099c6100000,0x00000099c6200000] [id=12444]
  0x00000278decc7850 GCTaskThread "GC Thread#6" [stack: 0x00000099c6400000,0x00000099c6500000] [id=25012]
  0x00000278dea1ed60 GCTaskThread "GC Thread#7" [stack: 0x00000099c6500000,0x00000099c6600000] [id=24868]
  0x00000278c4ad33e0 ConcurrentGCThread "G1 Main Marker" [stack: 0x00000099c4a00000,0x00000099c4b00000] [id=25592]
  0x00000278c4ad3df0 ConcurrentGCThread "G1 Conc#0" [stack: 0x00000099c4b00000,0x00000099c4c00000] [id=17500]
  0x00000278df38e860 ConcurrentGCThread "G1 Conc#1" [stack: 0x00000099c6600000,0x00000099c6700000] [id=26720]
  0x00000278c4b23770 ConcurrentGCThread "G1 Refine#0" [stack: 0x00000099c4c00000,0x00000099c4d00000] [id=16000]
  0x00000278c4b25040 ConcurrentGCThread "G1 Service" [stack: 0x00000099c4d00000,0x00000099c4e00000] [id=26168]

Threads with active compile tasks:
C2 CompilerThread0    20214 2732       4       org.apache.xmlbeans.impl.util.LongUTFDataInputStream::readLongUTF (411 bytes)

VM state: at safepoint (normal execution)

VM Mutex/Monitor currently owned by a thread:  ([mutex/lock_event])
[0x00000278c4a96bd0] Threads_lock - owner thread: 0x00000278dc2b6b90
[0x00000278c4a96fc0] Heap_lock - owner thread: 0x00000278c4a9c070

Heap address: 0x00000000c3000000, size: 976 MB, Compressed Oops mode: 32-bit

CDS archive(s) not mapped
Compressed class space mapped at: 0x0000000100000000-0x0000000140000000, reserved size: 1073741824
Narrow klass base: 0x0000000000000000, Narrow klass shift: 3, Narrow klass range: 0x140000000

GC Precious Log:
 CPUs: 8 total, 8 available
 Memory: 3900M
 Large Page Support: Disabled
 NUMA Support: Disabled
 Compressed Oops: Enabled (32-bit)
 Heap Region Size: 1M
 Heap Min Capacity: 8M
 Heap Initial Capacity: 62M
 Heap Max Capacity: 976M
 Pre-touch: Disabled
 Parallel Workers: 8
 Concurrent Workers: 2
 Concurrent Refinement Workers: 8
 Periodic GC: Disabled

Heap:
 garbage-first heap   total 63488K, used 22740K [0x00000000c3000000, 0x0000000100000000)
  region size 1024K, 2 young (2048K), 2 survivors (2048K)
 Metaspace       used 38296K, committed 38528K, reserved 1089536K
  class space    used 4375K, committed 4480K, reserved 1048576K

Heap Regions: E=young(eden), S=young(survivor), O=old, HS=humongous(starts), HC=humongous(continues), CS=collection set, F=free, OA=open archive, CA=closed archive, TAMS=top-at-mark-start (previous, next)
|   0|0x00000000c3000000, 0x00000000c3100000, 0x00000000c3100000|100%| O|  |TAMS 0x00000000c3100000, 0x00000000c3000000| Untracked 
|   1|0x00000000c3100000, 0x00000000c3200000, 0x00000000c3200000|100%| O|  |TAMS 0x00000000c3200000, 0x00000000c3100000| Untracked 
|   2|0x00000000c3200000, 0x00000000c3300000, 0x00000000c3300000|100%| O|  |TAMS 0x00000000c3300000, 0x00000000c3200000| Untracked 
|   3|0x00000000c3300000, 0x00000000c3400000, 0x00000000c3400000|100%| O|  |TAMS 0x00000000c3400000, 0x00000000c3300000| Untracked 
|   4|0x00000000c3400000, 0x00000000c3500000, 0x00000000c3500000|100%| O|  |TAMS 0x00000000c3500000, 0x00000000c3400000| Untracked 
|   5|0x00000000c3500000, 0x00000000c3600000, 0x00000000c3600000|100%| O|  |TAMS 0x00000000c3600000, 0x00000000c3500000| Untracked 
|   6|0x00000000c3600000, 0x00000000c3700000, 0x00000000c3700000|100%| O|  |TAMS 0x00000000c3700000, 0x00000000c3600000| Untracked 
|   7|0x00000000c3700000, 0x00000000c3800000, 0x00000000c3800000|100%| O|  |TAMS 0x00000000c3800000, 0x00000000c3700000| Untracked 
|   8|0x00000000c3800000, 0x00000000c3900000, 0x00000000c3900000|100%| O|  |TAMS 0x00000000c3900000, 0x00000000c3800000| Untracked 
|   9|0x00000000c3900000, 0x00000000c39fd000, 0x00000000c3a00000| 98%| O|  |TAMS 0x00000000c39fd000, 0x00000000c3900000| Untracked 
|  10|0x00000000c3a00000, 0x00000000c3b00000, 0x00000000c3b00000|100%| O|  |TAMS 0x00000000c3b00000, 0x00000000c3a00000| Untracked 
|  11|0x00000000c3b00000, 0x00000000c3c00000, 0x00000000c3c00000|100%| O|  |TAMS 0x00000000c3c00000, 0x00000000c3b00000| Untracked 
|  12|0x00000000c3c00000, 0x00000000c3d00000, 0x00000000c3d00000|100%| O|  |TAMS 0x00000000c3d00000, 0x00000000c3c00000| Untracked 
|  13|0x00000000c3d00000, 0x00000000c3e00000, 0x00000000c3e00000|100%| O|  |TAMS 0x00000000c3e00000, 0x00000000c3d00000| Untracked 
|  14|0x00000000c3e00000, 0x00000000c3f00000, 0x00000000c3f00000|100%| O|  |TAMS 0x00000000c3f00000, 0x00000000c3e00000| Untracked 
|  15|0x00000000c3f00000, 0x00000000c4000000, 0x00000000c4000000|100%| O|  |TAMS 0x00000000c3f2ac00, 0x00000000c3f00000| Untracked 
|  16|0x00000000c4000000, 0x00000000c4012400, 0x00000000c4100000|  7%| O|  |TAMS 0x00000000c4000000, 0x00000000c4000000| Untracked 
|  17|0x00000000c4100000, 0x00000000c4100000, 0x00000000c4200000|  0%| F|  |TAMS 0x00000000c4100000, 0x00000000c4100000| Untracked 
|  18|0x00000000c4200000, 0x00000000c4300000, 0x00000000c4300000|100%|HS|  |TAMS 0x00000000c4300000, 0x00000000c4200000| Complete 
|  19|0x00000000c4300000, 0x00000000c4400000, 0x00000000c4400000|100%|HC|  |TAMS 0x00000000c4400000, 0x00000000c4300000| Complete 
|  20|0x00000000c4400000, 0x00000000c4500000, 0x00000000c4500000|100%|HC|  |TAMS 0x00000000c4500000, 0x00000000c4400000| Complete 
|  21|0x00000000c4500000, 0x00000000c4600000, 0x00000000c4600000|100%|HC|  |TAMS 0x00000000c4600000, 0x00000000c4500000| Complete 
|  22|0x00000000c4600000, 0x00000000c4700000, 0x00000000c4700000|100%|HC|  |TAMS 0x00000000c4700000, 0x00000000c4600000| Complete 
|  23|0x00000000c4700000, 0x00000000c4700000, 0x00000000c4800000|  0%| F|  |TAMS 0x00000000c4700000, 0x00000000c4700000| Untracked 
|  24|0x00000000c4800000, 0x00000000c4800000, 0x00000000c4900000|  0%| F|  |TAMS 0x00000000c4800000, 0x00000000c4800000| Untracked 
|  25|0x00000000c4900000, 0x00000000c4900000, 0x00000000c4a00000|  0%| F|  |TAMS 0x00000000c4900000, 0x00000000c4900000| Untracked 
|  26|0x00000000c4a00000, 0x00000000c4a00000, 0x00000000c4b00000|  0%| F|  |TAMS 0x00000000c4a00000, 0x00000000c4a00000| Untracked 
|  27|0x00000000c4b00000, 0x00000000c4b00000, 0x00000000c4c00000|  0%| F|  |TAMS 0x00000000c4b00000, 0x00000000c4b00000| Untracked 
|  28|0x00000000c4c00000, 0x00000000c4c00000, 0x00000000c4d00000|  0%| F|  |TAMS 0x00000000c4c00000, 0x00000000c4c00000| Untracked 
|  29|0x00000000c4d00000, 0x00000000c4d00000, 0x00000000c4e00000|  0%| F|  |TAMS 0x00000000c4d00000, 0x00000000c4d00000| Untracked 
|  30|0x00000000c4e00000, 0x00000000c4e25fe0, 0x00000000c4f00000| 14%| S|CS|TAMS 0x00000000c4e00000, 0x00000000c4e00000| Complete 
|  31|0x00000000c4f00000, 0x00000000c5000000, 0x00000000c5000000|100%| S|CS|TAMS 0x00000000c4f00000, 0x00000000c4f00000| Complete 
|  32|0x00000000c5000000, 0x00000000c5000000, 0x00000000c5100000|  0%| F|  |TAMS 0x00000000c5000000, 0x00000000c5000000| Untracked 
|  33|0x00000000c5100000, 0x00000000c5100000, 0x00000000c5200000|  0%| F|  |TAMS 0x00000000c5100000, 0x00000000c5100000| Untracked 
|  34|0x00000000c5200000, 0x00000000c5200000, 0x00000000c5300000|  0%| F|  |TAMS 0x00000000c5200000, 0x00000000c5200000| Untracked 
|  35|0x00000000c5300000, 0x00000000c5300000, 0x00000000c5400000|  0%| F|  |TAMS 0x00000000c5300000, 0x00000000c5300000| Untracked 
|  36|0x00000000c5400000, 0x00000000c5400000, 0x00000000c5500000|  0%| F|  |TAMS 0x00000000c5400000, 0x00000000c5400000| Untracked 
|  37|0x00000000c5500000, 0x00000000c5500000, 0x00000000c5600000|  0%| F|  |TAMS 0x00000000c5500000, 0x00000000c5500000| Untracked 
|  38|0x00000000c5600000, 0x00000000c5600000, 0x00000000c5700000|  0%| F|  |TAMS 0x00000000c5600000, 0x00000000c5600000| Untracked 
|  39|0x00000000c5700000, 0x00000000c5700000, 0x00000000c5800000|  0%| F|  |TAMS 0x00000000c5700000, 0x00000000c5700000| Untracked 
|  40|0x00000000c5800000, 0x00000000c5800000, 0x00000000c5900000|  0%| F|  |TAMS 0x00000000c5800000, 0x00000000c5800000| Untracked 
|  41|0x00000000c5900000, 0x00000000c5900000, 0x00000000c5a00000|  0%| F|  |TAMS 0x00000000c5900000, 0x00000000c5900000| Untracked 
|  42|0x00000000c5a00000, 0x00000000c5a00000, 0x00000000c5b00000|  0%| F|  |TAMS 0x00000000c5a00000, 0x00000000c5a00000| Untracked 
|  43|0x00000000c5b00000, 0x00000000c5b00000, 0x00000000c5c00000|  0%| F|  |TAMS 0x00000000c5b00000, 0x00000000c5b00000| Untracked 
|  44|0x00000000c5c00000, 0x00000000c5c00000, 0x00000000c5d00000|  0%| F|  |TAMS 0x00000000c5c00000, 0x00000000c5c00000| Untracked 
|  45|0x00000000c5d00000, 0x00000000c5d00000, 0x00000000c5e00000|  0%| F|  |TAMS 0x00000000c5d00000, 0x00000000c5d00000| Untracked 
|  46|0x00000000c5e00000, 0x00000000c5e00000, 0x00000000c5f00000|  0%| F|  |TAMS 0x00000000c5e00000, 0x00000000c5e00000| Untracked 
|  47|0x00000000c5f00000, 0x00000000c5f00000, 0x00000000c6000000|  0%| F|  |TAMS 0x00000000c5f00000, 0x00000000c5f00000| Untracked 
|  48|0x00000000c6000000, 0x00000000c6000000, 0x00000000c6100000|  0%| F|  |TAMS 0x00000000c6000000, 0x00000000c6000000| Untracked 
|  49|0x00000000c6100000, 0x00000000c6100000, 0x00000000c6200000|  0%| F|  |TAMS 0x00000000c6100000, 0x00000000c6100000| Untracked 
|  50|0x00000000c6200000, 0x00000000c6200000, 0x00000000c6300000|  0%| F|  |TAMS 0x00000000c6200000, 0x00000000c6200000| Untracked 
|  51|0x00000000c6300000, 0x00000000c6300000, 0x00000000c6400000|  0%| F|  |TAMS 0x00000000c6300000, 0x00000000c6300000| Untracked 
|  52|0x00000000c6400000, 0x00000000c6400000, 0x00000000c6500000|  0%| F|  |TAMS 0x00000000c6400000, 0x00000000c6400000| Untracked 
|  53|0x00000000c6500000, 0x00000000c6500000, 0x00000000c6600000|  0%| F|  |TAMS 0x00000000c6500000, 0x00000000c6500000| Untracked 
|  54|0x00000000c6600000, 0x00000000c6600000, 0x00000000c6700000|  0%| F|  |TAMS 0x00000000c6600000, 0x00000000c6600000| Untracked 
|  55|0x00000000c6700000, 0x00000000c6700000, 0x00000000c6800000|  0%| F|  |TAMS 0x00000000c6700000, 0x00000000c6700000| Untracked 
|  56|0x00000000c6800000, 0x00000000c6800000, 0x00000000c6900000|  0%| F|  |TAMS 0x00000000c6800000, 0x00000000c6800000| Untracked 
|  57|0x00000000c6900000, 0x00000000c6900000, 0x00000000c6a00000|  0%| F|  |TAMS 0x00000000c6900000, 0x00000000c6900000| Untracked 
|  58|0x00000000c6a00000, 0x00000000c6a00000, 0x00000000c6b00000|  0%| F|  |TAMS 0x00000000c6a00000, 0x00000000c6a00000| Untracked 
|  59|0x00000000c6b00000, 0x00000000c6b00000, 0x00000000c6c00000|  0%| F|  |TAMS 0x00000000c6b00000, 0x00000000c6b00000| Untracked 
|  60|0x00000000c6c00000, 0x00000000c6c00000, 0x00000000c6d00000|  0%| F|  |TAMS 0x00000000c6c00000, 0x00000000c6c00000| Untracked 
|  61|0x00000000c6d00000, 0x00000000c6d00000, 0x00000000c6e00000|  0%| F|  |TAMS 0x00000000c6d00000, 0x00000000c6d00000| Untracked 

Card table byte_map: [0x00000278d7650000,0x00000278d7840000] _byte_map_base: 0x00000278d7038000

Marking Bits (Prev, Next): (CMBitMap*) 0x00000278c4aca720, (CMBitMap*) 0x00000278c4aca6e0
 Prev Bits: [0x00000278d8970000, 0x00000278d98b0000)
 Next Bits: [0x00000278d7a30000, 0x00000278d8970000)

Polling page: 0x00000278c4260000

Metaspace:

Usage:
  Non-class:     33.13 MB used.
      Class:      4.27 MB used.
       Both:     37.40 MB used.

Virtual space:
  Non-class space:       40.00 MB reserved,      33.25 MB ( 83%) committed,  5 nodes.
      Class space:        1.00 GB reserved,       4.38 MB ( <1%) committed,  1 nodes.
             Both:        1.04 GB reserved,      37.62 MB (  4%) committed. 

Chunk freelists:
   Non-Class:  2.73 MB
       Class:  3.58 MB
        Both:  6.31 MB

MaxMetaspaceSize: unlimited
CompressedClassSpaceSize: 1.00 GB
Initial GC threshold: 21.00 MB
Current GC threshold: 62.75 MB
CDS: off
MetaspaceReclaimPolicy: balanced
 - commit_granule_bytes: 65536.
 - commit_granule_words: 8192.
 - virtual_space_node_default_size: 1048576.
 - enlarge_chunks_in_place: 1.
 - new_chunks_are_fully_committed: 0.
 - uncommit_free_chunks: 1.
 - use_allocation_guard: 0.
 - handle_deallocations: 1.


Internal statistics:

num_allocs_failed_limit: 3.
num_arena_births: 232.
num_arena_deaths: 0.
num_vsnodes_births: 6.
num_vsnodes_deaths: 0.
num_space_committed: 602.
num_space_uncommitted: 0.
num_chunks_returned_to_freelist: 3.
num_chunks_taken_from_freelist: 1088.
num_chunk_merges: 0.
num_chunk_splits: 750.
num_chunks_enlarged: 592.
num_purges: 0.
num_inconsistent_stats: 0.

CodeHeap 'non-profiled nmethods': size=120000Kb used=1153Kb max_used=1153Kb free=118846Kb
 bounds [0x00000278cfc00000, 0x00000278cfe70000, 0x00000278d7130000]
CodeHeap 'profiled nmethods': size=120000Kb used=5224Kb max_used=5224Kb free=114775Kb
 bounds [0x00000278c86d0000, 0x00000278c8bf0000, 0x00000278cfc00000]
CodeHeap 'non-nmethods': size=5760Kb used=1297Kb max_used=1380Kb free=4462Kb
 bounds [0x00000278c8130000, 0x00000278c83a0000, 0x00000278c86d0000]
 total_blobs=3335 nmethods=2714 adapters=533
 compilation: enabled
              stopped_count=0, restarted_count=0
 full_count=0

Compilation events (20 events):
Event: 20.080 Thread 0x00000278dc34a650 2725       3       org.apache.xmlbeans.impl.schema.XsbReader::readString (14 bytes)
Event: 20.080 Thread 0x00000278dc348c90 nmethod 2696 0x00000278cfd1c690 code [0x00000278cfd1c8a0, 0x00000278cfd1dee8]
Event: 20.080 Thread 0x00000278dc34a650 nmethod 2725 0x00000278c8be1a10 code [0x00000278c8be1be0, 0x00000278c8be1fb8]
Event: 20.080 Thread 0x00000278dc34a650 2727       3       org.apache.xmlbeans.impl.schema.SchemaTypeSystemImpl$StringPool::stringForCode (22 bytes)
Event: 20.080 Thread 0x00000278dc348c90 2722       4       java.lang.AbstractStringBuilder::append (77 bytes)
Event: 20.080 Thread 0x00000278dc34a650 nmethod 2727 0x00000278c8be2110 code [0x00000278c8be22c0, 0x00000278c8be25c8]
Event: 20.080 Thread 0x00000278dc34a650 2726   !   3       org.apache.xmlbeans.impl.schema.XsbReader::readUnsignedShortOrInt (35 bytes)
Event: 20.081 Thread 0x00000278dc34a650 nmethod 2726 0x00000278c8be2690 code [0x00000278c8be2860, 0x00000278c8be2d28]
Event: 20.081 Thread 0x00000278dc34a650 2729       3       org.apache.xmlbeans.impl.schema.XsbReader::readHandle (585 bytes)
Event: 20.086 Thread 0x00000278dc34a650 nmethod 2729 0x00000278c8be2f90 code [0x00000278c8be37a0, 0x00000278c8be8158]
Event: 20.086 Thread 0x00000278dc34a650 2728       1       org.apache.xmlbeans.impl.schema.SchemaTypeSystemImpl::getTypePool (5 bytes)
Event: 20.086 Thread 0x00000278dc34a650 nmethod 2728 0x00000278cfd1ea90 code [0x00000278cfd1ec20, 0x00000278cfd1ecf8]
Event: 20.086 Thread 0x00000278dc34a650 2730       3       jdk.internal.module.Resources::toPackageName (39 bytes)
Event: 20.087 Thread 0x00000278dc34a650 nmethod 2730 0x00000278c8be9710 code [0x00000278c8be9940, 0x00000278c8be9fb8]
Event: 20.087 Thread 0x00000278dc34a650 2731       1       javax.xml.namespace.QName::getNamespaceURI (5 bytes)
Event: 20.087 Thread 0x00000278dc34a650 nmethod 2731 0x00000278cfd1ed90 code [0x00000278cfd1ef20, 0x00000278cfd1eff8]
Event: 20.088 Thread 0x00000278dc348c90 nmethod 2722 0x00000278cfd1f090 code [0x00000278cfd1f240, 0x00000278cfd1f7f8]
Event: 20.088 Thread 0x00000278dc348c90 2721       4       java.lang.StringBuilder::append (8 bytes)
Event: 20.098 Thread 0x00000278dc348c90 nmethod 2721 0x00000278cfd1fa90 code [0x00000278cfd1fc40, 0x00000278cfd201f8]
Event: 20.099 Thread 0x00000278dc348c90 2732       4       org.apache.xmlbeans.impl.util.LongUTFDataInputStream::readLongUTF (411 bytes)

GC Heap History (19 events):
Event: 1.996 GC heap before
{Heap before GC invocations=0 (full 0):
 garbage-first heap   total 63488K, used 22528K [0x00000000c3000000, 0x0000000100000000)
  region size 1024K, 23 young (23552K), 0 survivors (0K)
 Metaspace       used 12873K, committed 12992K, reserved 1064960K
  class space    used 1227K, committed 1280K, reserved 1048576K
}
Event: 2.007 GC heap after
{Heap after GC invocations=1 (full 0):
 garbage-first heap   total 63488K, used 7590K [0x00000000c3000000, 0x0000000100000000)
  region size 1024K, 3 young (3072K), 3 survivors (3072K)
 Metaspace       used 12873K, committed 12992K, reserved 1064960K
  class space    used 1227K, committed 1280K, reserved 1048576K
}
Event: 3.882 GC heap before
{Heap before GC invocations=1 (full 0):
 garbage-first heap   total 63488K, used 29094K [0x00000000c3000000, 0x0000000100000000)
  region size 1024K, 24 young (24576K), 3 survivors (3072K)
 Metaspace       used 19630K, committed 19776K, reserved 1073152K
  class space    used 2031K, committed 2112K, reserved 1048576K
}
Event: 3.890 GC heap after
{Heap after GC invocations=2 (full 0):
 garbage-first heap   total 63488K, used 10379K [0x00000000c3000000, 0x0000000100000000)
  region size 1024K, 3 young (3072K), 3 survivors (3072K)
 Metaspace       used 19630K, committed 19776K, reserved 1073152K
  class space    used 2031K, committed 2112K, reserved 1048576K
}
Event: 4.091 GC heap before
{Heap before GC invocations=2 (full 0):
 garbage-first heap   total 63488K, used 15499K [0x00000000c3000000, 0x0000000100000000)
  region size 1024K, 9 young (9216K), 3 survivors (3072K)
 Metaspace       used 21329K, committed 21504K, reserved 1073152K
  class space    used 2249K, committed 2368K, reserved 1048576K
}
Event: 4.096 GC heap after
{Heap after GC invocations=3 (full 0):
 garbage-first heap   total 63488K, used 10902K [0x00000000c3000000, 0x0000000100000000)
  region size 1024K, 1 young (1024K), 1 survivors (1024K)
 Metaspace       used 21329K, committed 21504K, reserved 1073152K
  class space    used 2249K, committed 2368K, reserved 1048576K
}
Event: 5.105 GC heap before
{Heap before GC invocations=4 (full 0):
 garbage-first heap   total 40960K, used 31382K [0x00000000c3000000, 0x0000000100000000)
  region size 1024K, 22 young (22528K), 1 survivors (1024K)
 Metaspace       used 28190K, committed 28352K, reserved 1081344K
  class space    used 3072K, committed 3136K, reserved 1048576K
}
Event: 5.112 GC heap after
{Heap after GC invocations=5 (full 0):
 garbage-first heap   total 40960K, used 13655K [0x00000000c3000000, 0x0000000100000000)
  region size 1024K, 3 young (3072K), 3 survivors (3072K)
 Metaspace       used 28190K, committed 28352K, reserved 1081344K
  class space    used 3072K, committed 3136K, reserved 1048576K
}
Event: 11.306 GC heap before
{Heap before GC invocations=5 (full 0):
 garbage-first heap   total 40960K, used 32087K [0x00000000c3000000, 0x0000000100000000)
  region size 1024K, 17 young (17408K), 3 survivors (3072K)
 Metaspace       used 31856K, committed 32128K, reserved 1081344K
  class space    used 3613K, committed 3712K, reserved 1048576K
}
Event: 11.313 GC heap after
{Heap after GC invocations=6 (full 0):
 garbage-first heap   total 40960K, used 19756K [0x00000000c3000000, 0x0000000100000000)
  region size 1024K, 1 young (1024K), 1 survivors (1024K)
 Metaspace       used 31856K, committed 32128K, reserved 1081344K
  class space    used 3613K, committed 3712K, reserved 1048576K
}
Event: 19.226 GC heap before
{Heap before GC invocations=6 (full 0):
 garbage-first heap   total 40960K, used 28972K [0x00000000c3000000, 0x0000000100000000)
  region size 1024K, 11 young (11264K), 1 survivors (1024K)
 Metaspace       used 34169K, committed 34496K, reserved 1081344K
  class space    used 3886K, committed 4032K, reserved 1048576K
}
Event: 19.232 GC heap after
{Heap after GC invocations=7 (full 0):
 garbage-first heap   total 40960K, used 20723K [0x00000000c3000000, 0x0000000100000000)
  region size 1024K, 2 young (2048K), 2 survivors (2048K)
 Metaspace       used 34169K, committed 34496K, reserved 1081344K
  class space    used 3886K, committed 4032K, reserved 1048576K
}
Event: 19.764 GC heap before
{Heap before GC invocations=8 (full 0):
 garbage-first heap   total 40960K, used 30963K [0x00000000c3000000, 0x0000000100000000)
  region size 1024K, 12 young (12288K), 2 survivors (2048K)
 Metaspace       used 36686K, committed 36928K, reserved 1081344K
  class space    used 4169K, committed 4288K, reserved 1048576K
}
Event: 19.769 GC heap after
{Heap after GC invocations=9 (full 0):
 garbage-first heap   total 40960K, used 21663K [0x00000000c3000000, 0x0000000100000000)
  region size 1024K, 1 young (1024K), 1 survivors (1024K)
 Metaspace       used 36686K, committed 36928K, reserved 1081344K
  class space    used 4169K, committed 4288K, reserved 1048576K
}
Event: 20.074 GC heap before
{Heap before GC invocations=9 (full 0):
 garbage-first heap   total 40960K, used 30879K [0x00000000c3000000, 0x0000000100000000)
  region size 1024K, 10 young (10240K), 1 survivors (1024K)
 Metaspace       used 38281K, committed 38464K, reserved 1089536K
  class space    used 4375K, committed 4480K, reserved 1048576K
}
Event: 20.078 GC heap after
{Heap after GC invocations=10 (full 0):
 garbage-first heap   total 40960K, used 21988K [0x00000000c3000000, 0x0000000100000000)
  region size 1024K, 2 young (2048K), 2 survivors (2048K)
 Metaspace       used 38281K, committed 38464K, reserved 1089536K
  class space    used 4375K, committed 4480K, reserved 1048576K
}
Event: 20.104 GC heap before
{Heap before GC invocations=10 (full 0):
 garbage-first heap   total 51200K, used 31204K [0x00000000c3000000, 0x0000000100000000)
  region size 1024K, 11 young (11264K), 2 survivors (2048K)
 Metaspace       used 38296K, committed 38528K, reserved 1089536K
  class space    used 4375K, committed 4480K, reserved 1048576K
}
Event: 20.111 GC heap after
{Heap after GC invocations=11 (full 0):
 garbage-first heap   total 51200K, used 22353K [0x00000000c3000000, 0x0000000100000000)
  region size 1024K, 1 young (1024K), 1 survivors (1024K)
 Metaspace       used 38296K, committed 38528K, reserved 1089536K
  class space    used 4375K, committed 4480K, reserved 1048576K
}
Event: 20.143 GC heap before
{Heap before GC invocations=12 (full 0):
 garbage-first heap   total 51200K, used 39761K [0x00000000c3000000, 0x0000000100000000)
  region size 1024K, 18 young (18432K), 1 survivors (1024K)
 Metaspace       used 38296K, committed 38528K, reserved 1089536K
  class space    used 4375K, committed 4480K, reserved 1048576K
}

Deoptimization events (20 events):
Event: 19.515 Thread 0x00000278c4a9c070 DEOPT PACKING pc=0x00000278cfc19de8 sp=0x00000099c48fd170
Event: 19.515 Thread 0x00000278c4a9c070 DEOPT UNPACKING pc=0x00000278c81823a3 sp=0x00000099c48fd098 mode 2
Event: 19.515 Thread 0x00000278c4a9c070 Uncommon trap: trap_request=0xffffff45 fr.pc=0x00000278cfc1a854 relative=0x0000000000000434
Event: 19.515 Thread 0x00000278c4a9c070 Uncommon trap: reason=unstable_if action=reinterpret pc=0x00000278cfc1a854 method=java.lang.AbstractStringBuilder.isLatin1()Z @ 10 c2
Event: 19.515 Thread 0x00000278c4a9c070 DEOPT PACKING pc=0x00000278cfc1a854 sp=0x00000099c48fd190
Event: 19.516 Thread 0x00000278c4a9c070 DEOPT UNPACKING pc=0x00000278c81823a3 sp=0x00000099c48fd110 mode 2
Event: 19.516 Thread 0x00000278c4a9c070 Uncommon trap: trap_request=0xffffff45 fr.pc=0x00000278cfc4c85c relative=0x000000000000005c
Event: 19.516 Thread 0x00000278c4a9c070 Uncommon trap: reason=unstable_if action=reinterpret pc=0x00000278cfc4c85c method=java.lang.AbstractStringBuilder.isLatin1()Z @ 10 c2
Event: 19.516 Thread 0x00000278c4a9c070 DEOPT PACKING pc=0x00000278cfc4c85c sp=0x00000099c48fd170
Event: 19.516 Thread 0x00000278c4a9c070 DEOPT UNPACKING pc=0x00000278c81823a3 sp=0x00000099c48fd100 mode 2
Event: 19.520 Thread 0x00000278c4a9c070 Uncommon trap: trap_request=0xffffff45 fr.pc=0x00000278cfc145b8 relative=0x0000000000000038
Event: 19.520 Thread 0x00000278c4a9c070 Uncommon trap: reason=unstable_if action=reinterpret pc=0x00000278cfc145b8 method=java.lang.StringLatin1.canEncode(I)Z @ 4 c2
Event: 19.520 Thread 0x00000278c4a9c070 DEOPT PACKING pc=0x00000278cfc145b8 sp=0x00000099c48fd110
Event: 19.520 Thread 0x00000278c4a9c070 DEOPT UNPACKING pc=0x00000278c81823a3 sp=0x00000099c48fd0a0 mode 2
Event: 19.942 Thread 0x00000278c4a9c070 Uncommon trap: trap_request=0xffffff45 fr.pc=0x00000278cfc89704 relative=0x00000000000000e4
Event: 19.942 Thread 0x00000278c4a9c070 Uncommon trap: reason=unstable_if action=reinterpret pc=0x00000278cfc89704 method=java.util.HashMap.hash(Ljava/lang/Object;)I @ 1 c2
Event: 19.942 Thread 0x00000278c4a9c070 DEOPT PACKING pc=0x00000278cfc89704 sp=0x00000099c48f9f50
Event: 19.942 Thread 0x00000278c4a9c070 DEOPT UNPACKING pc=0x00000278c81823a3 sp=0x00000099c48f9e90 mode 2
Event: 20.020 Thread 0x00000278c4a9c070 DEOPT PACKING pc=0x00000278c87ef159 sp=0x00000099c48f8640
Event: 20.020 Thread 0x00000278c4a9c070 DEOPT UNPACKING pc=0x00000278c8182b43 sp=0x00000099c48f7b38 mode 0

Classes unloaded (0 events):
No events

Classes redefined (0 events):
No events

Internal exceptions (20 events):
Event: 4.862 Thread 0x00000278df0776b0 Exception <a 'java/net/SocketException'{0x00000000c4232318}: Socket is not connected: shutdown> (0x00000000c4232318) 
thrown [e:\jenkins\tmp\workspace\build\src\src\hotspot\share\prims\jni.cpp, line 535]
Event: 4.923 Thread 0x00000278df0776b0 Exception <a 'java/net/ConnectException'{0x00000000c42332b0}: Connection refused: no further information> (0x00000000c42332b0) 
thrown [e:\jenkins\tmp\workspace\build\src\src\hotspot\share\prims\jni.cpp, line 535]
Event: 4.923 Thread 0x00000278df0776b0 Exception <a 'java/net/SocketException'{0x00000000c42335e8}: Socket is not connected: shutdown> (0x00000000c42335e8) 
thrown [e:\jenkins\tmp\workspace\build\src\src\hotspot\share\prims\jni.cpp, line 535]
Event: 5.075 Thread 0x00000278c4a9c070 Exception <a 'java/lang/NoSuchMethodError'{0x00000000c4266be8}: 'double java.lang.invoke.DirectMethodHandle$Holder.invokeVirtual(java.lang.Object, java.lang.Object)'> (0x00000000c4266be8) 
thrown [e:\jenkins\tmp\workspace\build\src\src\hotspot\share\interpreter\linkResolver.cpp, line 766]
Event: 5.077 Thread 0x00000278c4a9c070 Exception <a 'java/lang/NoSuchMethodError'{0x00000000c426d390}: 'float java.lang.invoke.DirectMethodHandle$Holder.invokeVirtual(java.lang.Object, java.lang.Object)'> (0x00000000c426d390) 
thrown [e:\jenkins\tmp\workspace\build\src\src\hotspot\share\interpreter\linkResolver.cpp, line 766]
Event: 5.080 Thread 0x00000278c4a9c070 Exception <a 'java/lang/NoSuchMethodError'{0x00000000c4276370}: 'long java.lang.invoke.DirectMethodHandle$Holder.invokeVirtual(java.lang.Object, java.lang.Object)'> (0x00000000c4276370) 
thrown [e:\jenkins\tmp\workspace\build\src\src\hotspot\share\interpreter\linkResolver.cpp, line 766]
Event: 5.131 Thread 0x00000278c4a9c070 Exception <a 'java/lang/NoSuchMethodError'{0x00000000c6dcef70}: 'void java.lang.invoke.DirectMethodHandle$Holder.invokeStatic(java.lang.Object, java.lang.Object, int)'> (0x00000000c6dcef70) 
thrown [e:\jenkins\tmp\workspace\build\src\src\hotspot\share\interpreter\linkResolver.cpp, line 766]
Event: 5.149 Thread 0x00000278c4a9c070 Exception <a 'java/lang/NoSuchMethodError'{0x00000000c677b490}: 'java.lang.Object java.lang.invoke.DirectMethodHandle$Holder.newInvokeSpecial(java.lang.Object, java.lang.Object, java.lang.Object, java.lang.Object, java.lang.Object)'> (0x00000000c677b490) 
thrown [e:\jenkins\tmp\workspace\build\src\src\hotspot\share\interpreter\linkResolver.cpp, line 766]
Event: 5.192 Thread 0x00000278c4a9c070 Exception <a 'java/lang/NoSuchMethodError'{0x00000000c55f6980}: 'int java.lang.invoke.DirectMethodHandle$Holder.invokeSpecialIFC(java.lang.Object, java.lang.Object, java.lang.Object)'> (0x00000000c55f6980) 
thrown [e:\jenkins\tmp\workspace\build\src\src\hotspot\share\interpreter\linkResolver.cpp, line 766]
Event: 5.309 Thread 0x00000278c4a9c070 Exception <a 'java/lang/NoSuchMethodError'{0x00000000c513b0a8}: 'void java.lang.invoke.DirectMethodHandle$Holder.invokeSpecial(java.lang.Object, java.lang.Object, java.lang.Object, java.lang.Object, java.lang.Object, java.lang.Object)'> (0x00000000c513b0a8) 
thrown [e:\jenkins\tmp\workspace\build\src\src\hotspot\share\interpreter\linkResolver.cpp, line 766]
Event: 11.326 Thread 0x00000278c4a9c070 Exception <a 'java/lang/NoSuchMethodError'{0x00000000c6d38810}: 'java.lang.Object java.lang.invoke.DirectMethodHandle$Holder.invokeSpecialIFC(java.lang.Object, java.lang.Object, java.lang.Object)'> (0x00000000c6d38810) 
thrown [e:\jenkins\tmp\workspace\build\src\src\hotspot\share\interpreter\linkResolver.cpp, line 766]
Event: 11.557 Thread 0x00000278c4a9c070 Exception <a 'java/lang/ClassNotFoundException'{0x00000000c53adfd8}: sun/util/logging/resources/spi/loggingProvider> (0x00000000c53adfd8) 
thrown [e:\jenkins\tmp\workspace\build\src\src\hotspot\share\classfile\systemDictionary.cpp, line 256]
Event: 19.404 Thread 0x00000278c4a9c070 Exception <a 'java/lang/NoSuchMethodError'{0x00000000c5484c90}: 'void java.lang.invoke.DirectMethodHandle$Holder.invokeVirtual(java.lang.Object, java.lang.Object, java.lang.Object, java.lang.Object)'> (0x00000000c5484c90) 
thrown [e:\jenkins\tmp\workspace\build\src\src\hotspot\share\interpreter\linkResolver.cpp, line 766]
Event: 19.418 Thread 0x00000278c4a9c070 Exception <a 'java/lang/NoSuchMethodError'{0x00000000c54b6e28}: 'void java.lang.invoke.DirectMethodHandle$Holder.invokeStatic(java.lang.Object, java.lang.Object, java.lang.Object, int)'> (0x00000000c54b6e28) 
thrown [e:\jenkins\tmp\workspace\build\src\src\hotspot\share\interpreter\linkResolver.cpp, line 766]
Event: 19.419 Thread 0x00000278c4a9c070 Exception <a 'java/lang/NoSuchMethodError'{0x00000000c54ba970}: 'void java.lang.invoke.DirectMethodHandle$Holder.invokeStaticInit(java.lang.Object, java.lang.Object, java.lang.Object, int)'> (0x00000000c54ba970) 
thrown [e:\jenkins\tmp\workspace\build\src\src\hotspot\share\interpreter\linkResolver.cpp, line 766]
Event: 19.671 Thread 0x00000278c4a9c070 Exception <a 'java/lang/NoSuchMethodError'{0x00000000c50c7ca8}: 'java.lang.Object java.lang.invoke.DirectMethodHandle$Holder.invokeStaticInit(java.lang.Object, java.lang.Object, java.lang.Object)'> (0x00000000c50c7ca8) 
thrown [e:\jenkins\tmp\workspace\build\src\src\hotspot\share\interpreter\linkResolver.cpp, line 766]
Event: 19.673 Thread 0x00000278c4a9c070 Exception <a 'java/lang/NoSuchMethodError'{0x00000000c50ce038}: 'java.lang.Object java.lang.invoke.DirectMethodHandle$Holder.invokeStatic(java.lang.Object, java.lang.Object, int, int)'> (0x00000000c50ce038) 
thrown [e:\jenkins\tmp\workspace\build\src\src\hotspot\share\interpreter\linkResolver.cpp, line 766]
Event: 19.673 Thread 0x00000278c4a9c070 Exception <a 'java/lang/NoSuchMethodError'{0x00000000c50d1ab0}: 'java.lang.Object java.lang.invoke.DirectMethodHandle$Holder.invokeStaticInit(java.lang.Object, java.lang.Object, int, int)'> (0x00000000c50d1ab0) 
thrown [e:\jenkins\tmp\workspace\build\src\src\hotspot\share\interpreter\linkResolver.cpp, line 766]
Event: 19.942 Thread 0x00000278c4a9c070 Implicit null exception at 0x00000278cfc89660 to 0x00000278cfc896fa
Event: 20.068 Thread 0x00000278c4a9c070 Exception <a 'java/lang/NoSuchMethodError'{0x00000000c508d880}: 'void java.lang.invoke.DirectMethodHandle$Holder.invokeVirtual(java.lang.Object, java.lang.Object)'> (0x00000000c508d880) 
thrown [e:\jenkins\tmp\workspace\build\src\src\hotspot\share\interpreter\linkResolver.cpp, line 766]

VM Operations (20 events):
Event: 18.373 Executing VM operation: Cleanup done
Event: 19.226 Executing VM operation: G1CollectForAllocation
Event: 19.232 Executing VM operation: G1CollectForAllocation done
Event: 19.251 Executing VM operation: G1Concurrent
Event: 19.263 Executing VM operation: G1Concurrent done
Event: 19.269 Executing VM operation: G1Concurrent
Event: 19.269 Executing VM operation: G1Concurrent done
Event: 19.764 Executing VM operation: G1CollectForAllocation
Event: 19.769 Executing VM operation: G1CollectForAllocation done
Event: 20.060 Executing VM operation: HandshakeAllThreads
Event: 20.060 Executing VM operation: HandshakeAllThreads done
Event: 20.074 Executing VM operation: G1CollectForAllocation
Event: 20.078 Executing VM operation: G1CollectForAllocation done
Event: 20.095 Executing VM operation: G1Concurrent
Event: 20.098 Executing VM operation: G1Concurrent done
Event: 20.103 Executing VM operation: G1CollectForAllocation
Event: 20.111 Executing VM operation: G1CollectForAllocation done
Event: 20.112 Executing VM operation: G1Concurrent
Event: 20.112 Executing VM operation: G1Concurrent done
Event: 20.143 Executing VM operation: G1CollectForAllocation

Events (20 events):
Event: 19.712 loading class java/time/temporal/IsoFields$Field
Event: 19.712 loading class java/time/temporal/IsoFields$Field done
Event: 19.712 loading class java/time/temporal/IsoFields$Field$1
Event: 19.712 loading class java/time/temporal/IsoFields$Field$1 done
Event: 19.712 loading class java/time/temporal/IsoFields$Field$2
Event: 19.712 loading class java/time/temporal/IsoFields$Field$2 done
Event: 19.712 loading class java/time/temporal/IsoFields$Field$3
Event: 19.713 loading class java/time/temporal/IsoFields$Field$3 done
Event: 19.713 loading class java/time/temporal/IsoFields$Field$4
Event: 19.713 loading class java/time/temporal/IsoFields$Field$4 done
Event: 19.713 loading class java/time/temporal/IsoFields$Unit
Event: 19.713 loading class java/time/temporal/IsoFields$Unit done
Event: 19.732 loading class javax/xml/stream/XMLStreamException
Event: 19.733 loading class javax/xml/stream/XMLStreamException done
Event: 19.908 loading class java/security/DigestInputStream
Event: 19.908 loading class java/security/DigestInputStream done
Event: 19.941 loading class javax/xml/namespace/QName
Event: 19.941 loading class javax/xml/namespace/QName done
Event: 20.060 loading class java/io/UTFDataFormatException
Event: 20.060 loading class java/io/UTFDataFormatException done


Dynamic libraries:
0x00007ff736e30000 - 0x00007ff736e3e000 	C:\Users\hp\.p2\pool\plugins\org.eclipse.justj.openjdk.hotspot.jre.full.win32.x86_64_17.0.1.v20211116-1657\jre\bin\javaw.exe
0x00007fff0fec0000 - 0x00007fff100c9000 	C:\WINDOWS\SYSTEM32\ntdll.dll
0x00007ffeca520000 - 0x00007ffeca539000 	C:\Program Files\Avast Software\Avast\aswhook.dll
0x00007fff0e0a0000 - 0x00007fff0e15e000 	C:\WINDOWS\System32\KERNEL32.DLL
0x00007fff0d6e0000 - 0x00007fff0da5c000 	C:\WINDOWS\System32\KERNELBASE.dll
0x00007fff0db00000 - 0x00007fff0dc11000 	C:\WINDOWS\System32\ucrtbase.dll
0x00007ffefac80000 - 0x00007ffefac98000 	C:\Users\hp\.p2\pool\plugins\org.eclipse.justj.openjdk.hotspot.jre.full.win32.x86_64_17.0.1.v20211116-1657\jre\bin\jli.dll
0x00007ffef22c0000 - 0x00007ffef22d9000 	C:\Users\hp\.p2\pool\plugins\org.eclipse.justj.openjdk.hotspot.jre.full.win32.x86_64_17.0.1.v20211116-1657\jre\bin\VCRUNTIME140.dll
0x00007fff0ee30000 - 0x00007fff0efdd000 	C:\WINDOWS\System32\USER32.dll
0x00007fff0d390000 - 0x00007fff0d3b6000 	C:\WINDOWS\System32\win32u.dll
0x00007fff0e160000 - 0x00007fff0e189000 	C:\WINDOWS\System32\GDI32.dll
0x00007ffee8a50000 - 0x00007ffee8cf5000 	C:\WINDOWS\WinSxS\amd64_microsoft.windows.common-controls_6595b64144ccf1df_6.0.22000.120_none_9d947278b86cc467\COMCTL32.dll
0x00007fff0dc20000 - 0x00007fff0dd38000 	C:\WINDOWS\System32\gdi32full.dll
0x00007fff0f120000 - 0x00007fff0f1c3000 	C:\WINDOWS\System32\msvcrt.dll
0x00007fff0da60000 - 0x00007fff0dafd000 	C:\WINDOWS\System32\msvcp_win.dll
0x00007fff0fdb0000 - 0x00007fff0fde1000 	C:\WINDOWS\System32\IMM32.DLL
0x00007fff0a280000 - 0x00007fff0a28c000 	C:\Users\hp\.p2\pool\plugins\org.eclipse.justj.openjdk.hotspot.jre.full.win32.x86_64_17.0.1.v20211116-1657\jre\bin\vcruntime140_1.dll
0x00007ffeef350000 - 0x00007ffeef3e1000 	C:\Users\hp\.p2\pool\plugins\org.eclipse.justj.openjdk.hotspot.jre.full.win32.x86_64_17.0.1.v20211116-1657\jre\bin\msvcp140.dll
0x00007ffebea90000 - 0x00007ffebf6d6000 	C:\Users\hp\.p2\pool\plugins\org.eclipse.justj.openjdk.hotspot.jre.full.win32.x86_64_17.0.1.v20211116-1657\jre\bin\server\jvm.dll
0x00007fff0dde0000 - 0x00007fff0de8e000 	C:\WINDOWS\System32\ADVAPI32.dll
0x00007fff0f2c0000 - 0x00007fff0f35e000 	C:\WINDOWS\System32\sechost.dll
0x00007fff0fc90000 - 0x00007fff0fdb0000 	C:\WINDOWS\System32\RPCRT4.dll
0x00007fff0ec70000 - 0x00007fff0ec78000 	C:\WINDOWS\System32\PSAPI.DLL
0x00007fff068a0000 - 0x00007fff068d3000 	C:\WINDOWS\SYSTEM32\WINMM.dll
0x00007fff06400000 - 0x00007fff0640a000 	C:\WINDOWS\SYSTEM32\VERSION.dll
0x00007ffef7790000 - 0x00007ffef7799000 	C:\WINDOWS\SYSTEM32\WSOCK32.dll
0x00007fff0ec00000 - 0x00007fff0ec6f000 	C:\WINDOWS\System32\WS2_32.dll
0x00007fff0c3d0000 - 0x00007fff0c3e8000 	C:\WINDOWS\SYSTEM32\kernel.appcore.dll
0x00007fff08ee0000 - 0x00007fff08eea000 	C:\Users\hp\.p2\pool\plugins\org.eclipse.justj.openjdk.hotspot.jre.full.win32.x86_64_17.0.1.v20211116-1657\jre\bin\jimage.dll
0x00007fff0ae10000 - 0x00007fff0b031000 	C:\WINDOWS\SYSTEM32\DBGHELP.DLL
0x00007ffef8b40000 - 0x00007ffef8b71000 	C:\WINDOWS\SYSTEM32\dbgcore.DLL
0x00007fff0d5f0000 - 0x00007fff0d66f000 	C:\WINDOWS\System32\bcryptPrimitives.dll
0x00007ffef2280000 - 0x00007ffef22a5000 	C:\Users\hp\.p2\pool\plugins\org.eclipse.justj.openjdk.hotspot.jre.full.win32.x86_64_17.0.1.v20211116-1657\jre\bin\java.dll
0x00007ffeefb90000 - 0x00007ffeefba8000 	C:\Users\hp\.p2\pool\plugins\org.eclipse.justj.openjdk.hotspot.jre.full.win32.x86_64_17.0.1.v20211116-1657\jre\bin\zip.dll
0x00007fff0f4b0000 - 0x00007fff0fc75000 	C:\WINDOWS\System32\SHELL32.dll
0x00007fff0b440000 - 0x00007fff0bca5000 	C:\WINDOWS\SYSTEM32\windows.storage.dll
0x00007fff0e410000 - 0x00007fff0e786000 	C:\WINDOWS\System32\combase.dll
0x00007fff0b2d0000 - 0x00007fff0b436000 	C:\WINDOWS\SYSTEM32\wintypes.dll
0x00007fff0f3c0000 - 0x00007fff0f4aa000 	C:\WINDOWS\System32\SHCORE.dll
0x00007fff0e3b0000 - 0x00007fff0e40d000 	C:\WINDOWS\System32\shlwapi.dll
0x00007fff0d2c0000 - 0x00007fff0d2e1000 	C:\WINDOWS\SYSTEM32\profapi.dll
0x00007ffeef330000 - 0x00007ffeef349000 	C:\Users\hp\.p2\pool\plugins\org.eclipse.justj.openjdk.hotspot.jre.full.win32.x86_64_17.0.1.v20211116-1657\jre\bin\net.dll
0x00007fff05c80000 - 0x00007fff05d92000 	C:\WINDOWS\SYSTEM32\WINHTTP.dll
0x00007fff0c870000 - 0x00007fff0c8d7000 	C:\WINDOWS\system32\mswsock.dll
0x00007ffeef310000 - 0x00007ffeef325000 	C:\Users\hp\.p2\pool\plugins\org.eclipse.justj.openjdk.hotspot.jre.full.win32.x86_64_17.0.1.v20211116-1657\jre\bin\nio.dll
0x00007fff0bf30000 - 0x00007fff0c018000 	C:\WINDOWS\SYSTEM32\DNSAPI.dll
0x00007fff0bf00000 - 0x00007fff0bf2d000 	C:\WINDOWS\SYSTEM32\IPHLPAPI.DLL
0x00007fff0ee20000 - 0x00007fff0ee29000 	C:\WINDOWS\System32\NSI.dll
0x00007ffefcf60000 - 0x00007ffefcf6a000 	C:\Windows\System32\rasadhlp.dll
0x00007fff02970000 - 0x00007fff029f1000 	C:\WINDOWS\System32\fwpuclnt.dll
0x00007fff0caf0000 - 0x00007fff0cb08000 	C:\WINDOWS\SYSTEM32\CRYPTSP.dll
0x00007fff0c330000 - 0x00007fff0c365000 	C:\WINDOWS\system32\rsaenh.dll
0x00007fff0c980000 - 0x00007fff0c9a9000 	C:\WINDOWS\SYSTEM32\USERENV.dll
0x00007fff0cc80000 - 0x00007fff0cca7000 	C:\WINDOWS\SYSTEM32\bcrypt.dll
0x00007fff0cb10000 - 0x00007fff0cb1c000 	C:\WINDOWS\SYSTEM32\CRYPTBASE.dll
0x00007fff05f60000 - 0x00007fff05f79000 	C:\WINDOWS\SYSTEM32\dhcpcsvc6.DLL
0x00007fff05f00000 - 0x00007fff05f1e000 	C:\WINDOWS\SYSTEM32\dhcpcsvc.DLL
0x00007fff030a0000 - 0x00007fff030b0000 	C:\Users\hp\.p2\pool\plugins\org.eclipse.justj.openjdk.hotspot.jre.full.win32.x86_64_17.0.1.v20211116-1657\jre\bin\verify.dll
0x00007fff0a4d0000 - 0x00007fff0a561000 	C:\WINDOWS\system32\apphelp.dll
0x00007ffefac20000 - 0x00007ffefac29000 	C:\Users\hp\.p2\pool\plugins\org.eclipse.justj.openjdk.hotspot.jre.full.win32.x86_64_17.0.1.v20211116-1657\jre\bin\management.dll
0x00007ffef98c0000 - 0x00007ffef98cb000 	C:\Users\hp\.p2\pool\plugins\org.eclipse.justj.openjdk.hotspot.jre.full.win32.x86_64_17.0.1.v20211116-1657\jre\bin\management_ext.dll
0x00007ffef96a0000 - 0x00007ffef96ae000 	C:\Users\hp\.p2\pool\plugins\org.eclipse.justj.openjdk.hotspot.jre.full.win32.x86_64_17.0.1.v20211116-1657\jre\bin\sunmscapi.dll
0x00007fff0d480000 - 0x00007fff0d5e2000 	C:\WINDOWS\System32\CRYPT32.dll
0x00007fff0cc50000 - 0x00007fff0cc78000 	C:\WINDOWS\SYSTEM32\ncrypt.dll
0x00007fff0cc10000 - 0x00007fff0cc47000 	C:\WINDOWS\SYSTEM32\NTASN1.dll
0x00007ffef1440000 - 0x00007ffef1448000 	C:\WINDOWS\system32\wshunix.dll

dbghelp: loaded successfully - version: 4.0.5 - missing functions: none
symbol engine: initialized successfully - sym options: 0x614 - pdb path: .;C:\Users\hp\.p2\pool\plugins\org.eclipse.justj.openjdk.hotspot.jre.full.win32.x86_64_17.0.1.v20211116-1657\jre\bin;C:\WINDOWS\SYSTEM32;C:\Program Files\Avast Software\Avast;C:\WINDOWS\WinSxS\amd64_microsoft.windows.common-controls_6595b64144ccf1df_6.0.22000.120_none_9d947278b86cc467;C:\Users\hp\.p2\pool\plugins\org.eclipse.justj.openjdk.hotspot.jre.full.win32.x86_64_17.0.1.v20211116-1657\jre\bin\server

VM Arguments:
jvm_args: -ea -Dfile.encoding=windows-1252 -XX:+ShowCodeDetailsInExceptionMessages 
java_command: org.testng.remote.RemoteTestNG -serport 53486 -protocol json -d C:\Users\hp\eclipse-workspace1\com.Travel.TMS\test-output C:\Users\hp\AppData\Local\Temp\testng-eclipse--2076742059\testng-customsuite.xml
java_class_path (initial): C:\Users\hp\eclipse\jee-2021-09\eclipse\configuration\org.eclipse.osgi\938\0\.cp\lib\testng-remote.jar;C:\Users\hp\eclipse-workspace1\com.Travel.TMS\target\test-classes;C:\Users\hp\eclipse-workspace1\com.Travel.TMS\target\classes;C:\Users\hp\.p2\pool\plugins\org.testng_7.4.0.r202105021533.jar;C:\Users\hp\.p2\pool\plugins\com.beust.jcommander_1.78.0.jar;C:\Users\hp\.p2\pool\plugins\org.apache-extras.beanshell.bsh_2.0.0.b6.jar;C:\Users\hp\.p2\pool\plugins\org.yaml.snakeyaml_1.27.0.v20221112-0806.jar;C:\Users\hp\.p2\pool\plugins\org.webjars.jquery_3.5.1.jar;C:\Users\hp\.m2\repository\org\seleniumhq\selenium\selenium-java\4.8.0\selenium-java-4.8.0.jar;C:\Users\hp\.m2\repository\org\seleniumhq\selenium\selenium-api\4.8.0\selenium-api-4.8.0.jar;C:\Users\hp\.m2\repository\org\seleniumhq\selenium\selenium-chrome-driver\4.8.0\selenium-chrome-driver-4.8.0.jar;C:\Users\hp\.m2\repository\com\google\auto\service\auto-service-annotations\1.0.1\auto-service-annotations-1.0.1.jar;C:\Users\hp\.m2\repository\com\google\auto\service\auto-service\1.0.1\auto-service-1.0.1.jar;C:\Users\hp\.m2\repository\com\google\auto\auto-common\1.2\auto-common-1.2.jar;C:\Users\hp\.m2\repository\com\google\guava\guava\31.1-jre\guava-31.1-jre.jar;C:\Users\hp\.m2\repository\com\google\guava\failureaccess\1.0.1\failureaccess-1.0.1.jar;C:\Users\hp\.m2\repository\com\google\guava\listenablefuture\9999.0-empty-to-avoid-conflict-with-guava\listenablefuture-9999.0-empty-to-avoid-conflict-with-guava.jar;C:\Users\hp\.m2\repository\com\google\code\findbugs\jsr305\3.0.2\jsr305-3.0.2.jar;C:\Users\hp\.m2\repository\org\checkerframework\checker-qual\3.12.0\checker-qual-3.12.0.jar;C:\Users\hp\.m2\repository\com\google\errorprone\error_prone_annotations\2.11.0\error_prone_annotations-2.11.0.jar;C:\Users\hp\.m2\repository\com\google\j2objc\j2objc-annotations\1.3\j2objc-annotations-1.3.jar;C:\Users\hp\.m2\repository\org\seleniumhq\selenium\selenium-chromium-driver\4.8.0\selenium-chromium-driv
Launcher Type: SUN_STANDARD

[Global flags]
     intx CICompilerCount                          = 4                                         {product} {ergonomic}
     uint ConcGCThreads                            = 2                                         {product} {ergonomic}
     uint G1ConcRefinementThreads                  = 8                                         {product} {ergonomic}
   size_t G1HeapRegionSize                         = 1048576                                   {product} {ergonomic}
    uintx GCDrainStackTargetSize                   = 64                                        {product} {ergonomic}
   size_t InitialHeapSize                          = 65011712                                  {product} {ergonomic}
   size_t MarkStackSize                            = 4194304                                   {product} {ergonomic}
   size_t MaxHeapSize                              = 1023410176                                {product} {ergonomic}
   size_t MaxNewSize                               = 613416960                                 {product} {ergonomic}
   size_t MinHeapDeltaBytes                        = 1048576                                   {product} {ergonomic}
   size_t MinHeapSize                              = 8388608                                   {product} {ergonomic}
    uintx NonNMethodCodeHeapSize                   = 5839372                                {pd product} {ergonomic}
    uintx NonProfiledCodeHeapSize                  = 122909434                              {pd product} {ergonomic}
    uintx ProfiledCodeHeapSize                     = 122909434                              {pd product} {ergonomic}
    uintx ReservedCodeCacheSize                    = 251658240                              {pd product} {ergonomic}
     bool SegmentedCodeCache                       = true                                      {product} {ergonomic}
     bool ShowCodeDetailsInExceptionMessages       = true                                   {manageable} {command line}
   size_t SoftMaxHeapSize                          = 1023410176                             {manageable} {ergonomic}
     bool UseCompressedClassPointers               = true                           {product lp64_product} {ergonomic}
     bool UseCompressedOops                        = true                           {product lp64_product} {ergonomic}
     bool UseG1GC                                  = true                                      {product} {ergonomic}
     bool UseLargePagesIndividualAllocation        = false                                  {pd product} {ergonomic}

Logging:
Log output configuration:
 #0: stdout all=warning uptime,level,tags
 #1: stderr all=off uptime,level,tags

Environment Variables:
JAVA_HOME=C:\Program Files\Java\jdk-11.0.17
PATH=C:/Users/hp/.p2/pool/plugins/org.eclipse.justj.openjdk.hotspot.jre.full.win32.x86_64_19.0.1.v20221102-1007/jre/bin/server;C:/Users/hp/.p2/pool/plugins/org.eclipse.justj.openjdk.hotspot.jre.full.win32.x86_64_19.0.1.v20221102-1007/jre/bin;C:\Program Files\Java\jdk-11.0.17\bin;C:\Program Files\Common Files\Oracle\Java\javapath;F:\oracle\product\10.2.0\db_1\bin;C:\WINDOWS\system32;C:\WINDOWS;C:\WINDOWS\System32\Wbem;C:\WINDOWS\System32\WindowsPowerShell\v1.0\;C:\WINDOWS\System32\OpenSSH\;C:\Program Files\dotnet\;C:\apache-maven-3.8.6\bin;C:\Program Files\Common Files\Oracle\Java\javapath;C:\Program Files\nodejs\;C:\Program Files\nodejs\node_modules;C:\Program Files\Git\cmd;C:\Program Files\Git\mingw64\bin;C:\Program Files\Git\usr\bin;C:\Users\hp\AppData\Local\Microsoft\WindowsApps;;C:\Users\hp\AppData\Local\Programs\Microsoft VS Code\bin;C:\Users\hp\AppData\Roaming\npm;C:\Users\hp\OneDrive\Desktop;
USERNAME=hp
OS=Windows_NT
PROCESSOR_IDENTIFIER=Intel64 Family 6 Model 166 Stepping 0, GenuineIntel



---------------  S Y S T E M  ---------------

OS:
 Windows 10 , 64 bit Build 22000 (10.0.22000.1516)
OS uptime: 0 days 18:28 hours
Hyper-V role detected

CPU: total 8 (initial active 8) (4 cores per cpu, 2 threads per core) family 6 model 166 stepping 0 microcode 0xf0, cx8, cmov, fxsr, ht, mmx, 3dnowpref, sse, sse2, sse3, ssse3, sse4.1, sse4.2, popcnt, lzcnt, tsc, tscinvbit, avx, avx2, aes, erms, clmul, bmi1, bmi2, adx, fma, vzeroupper, clflush, clflushopt, hv

Memory: 4k page, system-wide physical 3900M (46M free)
TotalPageFile size 15676M (AvailPageFile size 12M)
current process WorkingSet (physical memory assigned to process): 132M, peak: 132M
current process commit charge ("private bytes"): 225M, peak: 245M

vm_info: OpenJDK 64-Bit Server VM (17.0.1+12) for windows-amd64 JRE (17.0.1+12), built on Oct 20 2021 07:42:55 by "" with MS VC++ 16.7 (VS2019)

END.
